2011-03-10 09:18:18 Debug: Notice (1024): Please change the value of 'Security.salt' in app/config/core.php to a salt value specific to your application in [D:\xampp\htdocs\ngoinhanho\cake\libs\debugger.php, line 684]
2011-03-10 09:18:18 Debug: Notice (1024): Please change the value of 'Security.cipherSeed' in app/config/core.php to a numeric (digits only) seed value specific to your application in [D:\xampp\htdocs\ngoinhanho\cake\libs\debugger.php, line 688]
2011-03-10 09:36:06 Debug: Notice (8): Undefined variable: javascript in [D:\xampp\htdocs\ngoinhanho\admin\views\layouts\admin.ctp, line 5]
2011-03-10 09:36:33 Debug: Notice (8): Use of undefined constant DOMAIN - assumed 'DOMAIN' in [D:\xampp\htdocs\ngoinhanho\admin\views\layouts\admin.ctp, line 6]
2011-03-10 09:36:33 Debug: Notice (8): Use of undefined constant DOMAIN - assumed 'DOMAIN' in [D:\xampp\htdocs\ngoinhanho\admin\views\layouts\admin.ctp, line 7]
2011-03-10 09:36:33 Debug: Notice (8): Undefined variable: layout in [D:\xampp\htdocs\ngoinhanho\admin\views\layouts\admin.ctp, line 12]
2011-03-10 09:37:29 Debug: Notice (8): Undefined variable: layout in [D:\xampp\htdocs\ngoinhanho\admin\views\layouts\admin.ctp, line 12]
2011-03-10 10:01:51 Debug: Notice (8): Undefined variable: citys in [D:\xampp\htdocs\ngoinhanho\admin\views\category\index.ctp, line 48]
2011-03-10 10:03:36 Debug: Notice (8): Undefined variable: citys in [D:\xampp\htdocs\ngoinhanho\admin\views\category\index.ctp, line 48]
2011-03-10 10:04:27 Debug: Notice (8): Undefined variable: citys in [D:\xampp\htdocs\ngoinhanho\admin\views\category\index.ctp, line 48]
2011-03-10 10:05:38 Debug: Notice (8): Undefined variable: citys in [D:\xampp\htdocs\ngoinhanho\admin\views\category\index.ctp, line 48]
2011-03-10 10:09:20 Debug: Notice (8): Use of undefined constant DOAMIN - assumed 'DOAMIN' in [D:\xampp\htdocs\ngoinhanho\admin\views\layouts\admin.ctp, line 6]
2011-03-10 10:09:20 Debug: Notice (8): Use of undefined constant DOAMIN - assumed 'DOAMIN' in [D:\xampp\htdocs\ngoinhanho\admin\views\layouts\admin.ctp, line 16]
2011-03-10 10:09:20 Debug: Notice (8): Use of undefined constant DOAMIN - assumed 'DOAMIN' in [D:\xampp\htdocs\ngoinhanho\admin\views\layouts\admin.ctp, line 30]
2011-03-10 10:12:51 Debug: Notice (8): Use of undefined constant DOAMIN - assumed 'DOAMIN' in [D:\xampp\htdocs\ngoinhanho\admin\views\layouts\admin.ctp, line 6]
2011-03-10 10:12:51 Debug: Notice (8): Use of undefined constant DOAMIN - assumed 'DOAMIN' in [D:\xampp\htdocs\ngoinhanho\admin\views\layouts\admin.ctp, line 30]
2011-03-10 10:29:23 Debug: Notice (8): Use of undefined constant DOMAIN - assumed 'DOMAIN' in [D:\xampp\htdocs\ngoinhanho\admin\views\category\index.ctp, line 17]
2011-03-10 10:29:23 Debug: Notice (8): Use of undefined constant DOMAIN - assumed 'DOMAIN' in [D:\xampp\htdocs\ngoinhanho\admin\views\category\index.ctp, line 21]
2011-03-10 10:29:23 Debug: Notice (8): Undefined variable: citys in [D:\xampp\htdocs\ngoinhanho\admin\views\category\index.ctp, line 48]
2011-03-10 10:29:23 Debug: Notice (8): Use of undefined constant DOMAIN - assumed 'DOMAIN' in [D:\xampp\htdocs\ngoinhanho\admin\views\category\index.ctp, line 112]
2011-03-10 10:31:43 Debug: Notice (8): Use of undefined constant DOMAIN - assumed 'DOMAIN' in [D:\xampp\htdocs\ngoinhanho\admin\views\category\index.ctp, line 17]
2011-03-10 10:31:43 Debug: Notice (8): Use of undefined constant DOMAIN - assumed 'DOMAIN' in [D:\xampp\htdocs\ngoinhanho\admin\views\category\index.ctp, line 21]
2011-03-10 10:31:43 Debug: Notice (8): Undefined variable: citys in [D:\xampp\htdocs\ngoinhanho\admin\views\category\index.ctp, line 46]
2011-03-10 10:31:43 Debug: Notice (8): Use of undefined constant DOMAIN - assumed 'DOMAIN' in [D:\xampp\htdocs\ngoinhanho\admin\views\category\index.ctp, line 86]
2011-03-10 10:32:30 Debug: Notice (8): Undefined variable: citys in [D:\xampp\htdocs\ngoinhanho\admin\views\category\index.ctp, line 46]
2011-03-10 10:33:42 Debug: Notice (8): Undefined index: created in [D:\xampp\htdocs\ngoinhanho\admin\views\category\index.ctp, line 57]
2011-03-10 10:33:42 Debug: Notice (8): Undefined index: _Token in [D:\xampp\htdocs\ngoinhanho\admin\views\category\index.ctp, line 73]
2011-03-10 10:33:42 Debug: Notice (8): Undefined index: _Token in [D:\xampp\htdocs\ngoinhanho\admin\views\category\index.ctp, line 68]
2011-03-10 10:34:57 Debug: Notice (8): Undefined index: _Token in [D:\xampp\htdocs\ngoinhanho\admin\views\category\index.ctp, line 73]
2011-03-10 10:34:57 Debug: Notice (8): Undefined index: _Token in [D:\xampp\htdocs\ngoinhanho\admin\views\category\index.ctp, line 68]
2011-03-10 10:35:57 Debug: Notice (8): Undefined index: AdminCategory in [D:\xampp\htdocs\ngoinhanho\admin\views\category\index.ctp, line 49]
2011-03-10 10:35:57 Debug: Notice (8): Undefined index: ParentCat in [D:\xampp\htdocs\ngoinhanho\admin\views\category\index.ctp, line 50]
2011-03-10 10:35:57 Debug: Notice (8): Undefined index: AdminCategory in [D:\xampp\htdocs\ngoinhanho\admin\views\category\index.ctp, line 52]
2011-03-10 10:35:57 Debug: Notice (8): Use of undefined constant DOMAIN - assumed 'DOMAIN' in [D:\xampp\htdocs\ngoinhanho\admin\views\category\index.ctp, line 53]
2011-03-10 10:35:57 Debug: Notice (8): Undefined index: AdminCategory in [D:\xampp\htdocs\ngoinhanho\admin\views\category\index.ctp, line 53]
2011-03-10 10:35:57 Debug: Notice (8): Use of undefined constant DOMAIN - assumed 'DOMAIN' in [D:\xampp\htdocs\ngoinhanho\admin\views\category\index.ctp, line 67]
2011-03-10 10:36:50 Debug: Notice (8): Undefined index: ParentCat in [D:\xampp\htdocs\ngoinhanho\admin\views\category\index.ctp, line 50]
2011-03-10 10:36:50 Debug: Notice (8): Use of undefined constant DOMAIN - assumed 'DOMAIN' in [D:\xampp\htdocs\ngoinhanho\admin\views\category\index.ctp, line 55]
2011-03-10 10:36:50 Debug: Notice (8): Use of undefined constant DOMAIN - assumed 'DOMAIN' in [D:\xampp\htdocs\ngoinhanho\admin\views\category\index.ctp, line 53]
2011-03-10 10:36:50 Debug: Notice (8): Use of undefined constant DOMAIN - assumed 'DOMAIN' in [D:\xampp\htdocs\ngoinhanho\admin\views\category\index.ctp, line 67]
2011-03-10 10:37:26 Debug: Notice (8): Undefined index: ParentCat in [D:\xampp\htdocs\ngoinhanho\admin\views\category\index.ctp, line 50]
2011-03-10 10:41:09 Debug: Notice (8): Undefined index: ParentCat in [D:\xampp\htdocs\ngoinhanho\admin\views\category\index.ctp, line 50]
2011-03-10 10:42:03 Debug: Notice (8): Undefined index: ParentCat in [D:\xampp\htdocs\ngoinhanho\admin\views\category\index.ctp, line 50]
2011-03-10 10:44:11 Debug: Notice (8): Undefined index: ParentCat in [D:\xampp\htdocs\ngoinhanho\admin\views\category\index.ctp, line 50]
2011-03-10 10:44:49 Debug: Notice (8): Undefined index: ParentCat in [D:\xampp\htdocs\ngoinhanho\admin\views\category\index.ctp, line 50]
2011-03-10 10:48:07 Debug: Notice (8): Undefined index: ParentCat in [D:\xampp\htdocs\ngoinhanho\admin\views\category\index.ctp, line 42]
2011-03-10 11:17:53 Debug: Notice (8): Undefined variable: category in [D:\xampp\htdocs\ngoinhanho\admin\views\category\index.ctp, line 38]
2011-03-10 11:20:00 Debug: Notice (8): Use of undefined constant DOMAINDA - assumed 'DOMAINDA' in [D:\xampp\htdocs\ngoinhanho\admin\views\layouts\admin.ctp, line 6]
2011-03-10 11:20:00 Debug: Notice (8): Use of undefined constant DOMAINDA - assumed 'DOMAINDA' in [D:\xampp\htdocs\ngoinhanho\admin\views\layouts\admin.ctp, line 30]
2011-03-10 14:11:32 Debug: Notice (8): Use of undefined constant DOMAIN - assumed 'DOMAIN' in [D:\xampp\htdocs\ngoinhanho\admin\views\category\edit.ctp, line 9]
2011-03-10 14:11:32 Debug: Notice (8): Use of undefined constant DOMAIN - assumed 'DOMAIN' in [D:\xampp\htdocs\ngoinhanho\admin\views\category\edit.ctp, line 13]
2011-03-10 14:11:32 Debug: Notice (8): Use of undefined constant DOMAIN - assumed 'DOMAIN' in [D:\xampp\htdocs\ngoinhanho\admin\views\category\edit.ctp, line 23]
2011-03-10 14:11:32 Debug: Notice (8): Undefined variable: edit in [D:\xampp\htdocs\ngoinhanho\admin\views\category\edit.ctp, line 28]
2011-03-10 14:11:32 Debug: Notice (8): Undefined variable: list_cat in [D:\xampp\htdocs\ngoinhanho\admin\views\category\edit.ctp, line 35]
2011-03-10 14:11:32 Debug: Notice (8): Undefined variable: edit in [D:\xampp\htdocs\ngoinhanho\admin\views\category\edit.ctp, line 35]
2011-03-10 14:11:32 Debug: Notice (8): Undefined variable: edit in [D:\xampp\htdocs\ngoinhanho\admin\views\category\edit.ctp, line 41]
2011-03-10 14:11:32 Debug: Notice (8): Undefined variable: edit in [D:\xampp\htdocs\ngoinhanho\admin\views\category\edit.ctp, line 50]
2011-03-10 14:11:32 Debug: Notice (8): Use of undefined constant DOMAIN - assumed 'DOMAIN' in [D:\xampp\htdocs\ngoinhanho\admin\views\category\edit.ctp, line 9]
2011-03-10 14:11:32 Debug: Notice (8): Use of undefined constant DOMAIN - assumed 'DOMAIN' in [D:\xampp\htdocs\ngoinhanho\admin\views\category\edit.ctp, line 13]
2011-03-10 14:11:32 Debug: Notice (8): Use of undefined constant DOMAIN - assumed 'DOMAIN' in [D:\xampp\htdocs\ngoinhanho\admin\views\category\edit.ctp, line 23]
2011-03-10 14:11:32 Debug: Notice (8): Undefined variable: edit in [D:\xampp\htdocs\ngoinhanho\admin\views\category\edit.ctp, line 28]
2011-03-10 14:11:32 Debug: Notice (8): Undefined variable: list_cat in [D:\xampp\htdocs\ngoinhanho\admin\views\category\edit.ctp, line 35]
2011-03-10 14:11:32 Debug: Notice (8): Undefined variable: edit in [D:\xampp\htdocs\ngoinhanho\admin\views\category\edit.ctp, line 35]
2011-03-10 14:11:32 Debug: Notice (8): Undefined variable: edit in [D:\xampp\htdocs\ngoinhanho\admin\views\category\edit.ctp, line 41]
2011-03-10 14:11:32 Debug: Notice (8): Undefined variable: edit in [D:\xampp\htdocs\ngoinhanho\admin\views\category\edit.ctp, line 50]
2011-03-10 14:14:15 Debug: Notice (8): Undefined variable: edit in [D:\xampp\htdocs\ngoinhanho\admin\views\category\edit.ctp, line 28]
2011-03-10 14:14:15 Debug: Notice (8): Undefined variable: list_cat in [D:\xampp\htdocs\ngoinhanho\admin\views\category\edit.ctp, line 35]
2011-03-10 14:14:15 Debug: Notice (8): Undefined variable: edit in [D:\xampp\htdocs\ngoinhanho\admin\views\category\edit.ctp, line 35]
2011-03-10 14:14:15 Debug: Notice (8): Undefined variable: edit in [D:\xampp\htdocs\ngoinhanho\admin\views\category\edit.ctp, line 41]
2011-03-10 14:14:15 Debug: Notice (8): Undefined variable: edit in [D:\xampp\htdocs\ngoinhanho\admin\views\category\edit.ctp, line 50]
2011-03-10 14:14:45 Debug: Notice (8): Undefined variable: list_cat in [D:\xampp\htdocs\ngoinhanho\admin\views\category\edit.ctp, line 35]
2011-03-10 14:14:45 Debug: Notice (8): Undefined variable: edit in [D:\xampp\htdocs\ngoinhanho\admin\views\category\edit.ctp, line 35]
2011-03-10 14:14:45 Debug: Notice (8): Undefined variable: edit in [D:\xampp\htdocs\ngoinhanho\admin\views\category\edit.ctp, line 41]
2011-03-10 14:14:45 Debug: Notice (8): Undefined variable: edit in [D:\xampp\htdocs\ngoinhanho\admin\views\category\edit.ctp, line 50]
2011-03-10 14:15:20 Debug: Notice (8): Undefined variable: list_cat in [D:\xampp\htdocs\ngoinhanho\admin\views\category\edit.ctp, line 35]
2011-03-10 14:15:20 Debug: Notice (8): Undefined variable: edit in [D:\xampp\htdocs\ngoinhanho\admin\views\category\edit.ctp, line 35]
2011-03-10 14:15:20 Debug: Notice (8): Undefined variable: edit in [D:\xampp\htdocs\ngoinhanho\admin\views\category\edit.ctp, line 41]
2011-03-10 14:15:39 Debug: Notice (8): Undefined variable: list_cat in [D:\xampp\htdocs\ngoinhanho\admin\views\category\edit.ctp, line 35]
2011-03-10 14:15:39 Debug: Notice (8): Undefined variable: edit in [D:\xampp\htdocs\ngoinhanho\admin\views\category\edit.ctp, line 41]
2011-03-10 14:16:31 Debug: Notice (8): Undefined variable: list_cat in [D:\xampp\htdocs\ngoinhanho\admin\views\category\edit.ctp, line 35]
2011-03-10 14:16:50 Debug: Notice (8): Undefined variable: list_cat in [D:\xampp\htdocs\ngoinhanho\admin\views\category\edit.ctp, line 35]
2011-03-10 14:16:59 Debug: Notice (8): Undefined variable: list_cat in [D:\xampp\htdocs\ngoinhanho\admin\views\category\edit.ctp, line 35]
2011-03-10 15:58:23 Debug: Notice (8): Undefined variable: list_cat in [D:\xampp\htdocs\ngoinhanho\admin\views\news\index.ctp, line 35]
2011-03-10 15:58:41 Debug: Notice (8): Undefined variable: list_cat in [D:\xampp\htdocs\ngoinhanho\admin\views\news\index.ctp, line 35]
2011-03-10 15:59:00 Debug: Notice (8): Undefined variable: category in [D:\xampp\htdocs\ngoinhanho\admin\views\news\index.ctp, line 38]
2011-03-10 15:59:58 Debug: Notice (8): Undefined variable: category in [D:\xampp\htdocs\ngoinhanho\admin\views\news\index.ctp, line 38]
2011-03-10 16:00:17 Debug: Notice (8): Undefined variable: category in [D:\xampp\htdocs\ngoinhanho\admin\views\news\index.ctp, line 38]
2011-03-10 16:00:45 Debug: Notice (8): Undefined variable: category in [D:\xampp\htdocs\ngoinhanho\admin\views\news\index.ctp, line 38]
2011-03-10 16:01:04 Debug: Notice (8): Undefined index: name in [D:\xampp\htdocs\ngoinhanho\admin\views\news\index.ctp, line 41]
2011-03-10 16:01:04 Debug: Notice (8): Undefined index: ParentCat in [D:\xampp\htdocs\ngoinhanho\admin\views\news\index.ctp, line 42]
2011-03-10 16:01:32 Debug: Notice (8): Undefined index: ParentCat in [D:\xampp\htdocs\ngoinhanho\admin\views\news\index.ctp, line 42]
2011-03-10 16:01:46 Debug: Notice (8): Undefined index: ParentCat in [D:\xampp\htdocs\ngoinhanho\admin\views\news\index.ctp, line 42]
2011-03-10 16:01:48 Debug: Notice (8): Undefined index: ParentCat in [D:\xampp\htdocs\ngoinhanho\admin\views\news\index.ctp, line 42]
2011-03-10 16:10:27 Debug: Notice (8): Undefined index: news_id in [D:\xampp\htdocs\ngoinhanho\admin\views\news\index.ctp, line 43]
2011-03-10 16:10:27 Debug: Notice (8): Undefined index: news_id in [D:\xampp\htdocs\ngoinhanho\admin\views\news\index.ctp, line 45]
2011-03-10 16:41:21 Debug: Notice (8): Use of undefined constant DOMAIN - assumed 'DOMAIN' in [D:\xampp\htdocs\ngoinhanho\admin\views\news\add.ctp, line 11]
2011-03-10 16:41:21 Debug: Notice (8): Use of undefined constant DOMAIN - assumed 'DOMAIN' in [D:\xampp\htdocs\ngoinhanho\admin\views\news\add.ctp, line 15]
2011-03-10 16:41:21 Debug: Notice (8): Use of undefined constant DOMAIN - assumed 'DOMAIN' in [D:\xampp\htdocs\ngoinhanho\admin\views\news\add.ctp, line 24]
2011-03-10 16:41:21 Debug: Notice (8): Undefined property: View::$TvFck in [D:\xampp\htdocs\ngoinhanho\admin\views\news\add.ctp, line 37]
2011-03-10 16:42:02 Debug: Notice (8): Use of undefined constant DOMAIN - assumed 'DOMAIN' in [D:\xampp\htdocs\ngoinhanho\admin\views\news\add.ctp, line 11]
2011-03-10 16:42:02 Debug: Notice (8): Use of undefined constant DOMAIN - assumed 'DOMAIN' in [D:\xampp\htdocs\ngoinhanho\admin\views\news\add.ctp, line 15]
2011-03-10 16:42:02 Debug: Notice (8): Use of undefined constant DOMAIN - assumed 'DOMAIN' in [D:\xampp\htdocs\ngoinhanho\admin\views\news\add.ctp, line 24]
2011-03-10 16:42:02 Debug: Notice (8): Undefined variable: list_cat in [D:\xampp\htdocs\ngoinhanho\admin\views\news\add.ctp, line 52]
2011-03-10 16:42:02 Debug: Notice (8): Use of undefined constant DOMAIN - assumed 'DOMAIN' in [D:\xampp\htdocs\ngoinhanho\admin\views\news\add.ctp, line 58]
2011-03-10 16:42:47 Debug: Notice (8): Undefined variable: list_cat in [D:\xampp\htdocs\ngoinhanho\admin\views\news\add.ctp, line 52]
2011-03-10 16:43:15 Debug: Notice (8): Undefined variable: list_cat in [D:\xampp\htdocs\ngoinhanho\admin\views\news\add.ctp, line 52]
2011-03-10 16:43:39 Debug: Notice (8): Undefined variable: list_cat in [D:\xampp\htdocs\ngoinhanho\admin\views\news\add.ctp, line 52]
2011-03-10 16:48:16 Debug: Notice (8): Undefined variable: list_cat in [D:\xampp\htdocs\ngoinhanho\admin\views\news\add.ctp, line 52]
2011-03-10 16:49:15 Debug: Notice (8): Undefined variable: list_cat in [D:\xampp\htdocs\ngoinhanho\admin\views\news\add.ctp, line 52]
2011-03-10 16:49:28 Debug: Notice (8): Undefined variable: list_cat in [D:\xampp\htdocs\ngoinhanho\admin\views\news\add.ctp, line 52]
2011-03-10 16:49:41 Debug: Notice (8): Undefined variable: list_cat in [D:\xampp\htdocs\ngoinhanho\admin\views\news\add.ctp, line 52]
2011-03-10 16:51:02 Debug: Notice (8): Undefined variable: list_cat in [D:\xampp\htdocs\ngoinhanho\admin\views\news\add.ctp, line 52]
2011-03-10 16:51:48 Debug: Notice (8): Undefined variable: list_cat in [D:\xampp\htdocs\ngoinhanho\admin\views\news\add.ctp, line 52]
2011-03-10 16:53:17 Debug: Notice (8): Undefined property: NewsController::$Category in [D:\xampp\htdocs\ngoinhanho\admin\controllers\news_controller.php, line 37]
2011-03-10 16:54:23 Debug: Notice (8): Undefined property: NewsController::$News in [D:\xampp\htdocs\ngoinhanho\admin\controllers\news_controller.php, line 14]
2011-03-10 16:56:10 Debug: Notice (8): Undefined property: NewsController::$News in [D:\xampp\htdocs\ngoinhanho\admin\controllers\news_controller.php, line 15]
2011-03-10 16:58:01 Debug: Notice (8): Undefined variable: paginator in [D:\xampp\htdocs\ngoinhanho\admin\views\news\index.ctp, line 81]
2011-03-10 16:58:27 Debug: Notice (8): Undefined variable: paginator in [D:\xampp\htdocs\ngoinhanho\admin\views\news\index.ctp, line 81]
2011-03-10 16:58:47 Debug: Notice (8): Undefined variable: paginator in [D:\xampp\htdocs\ngoinhanho\admin\views\news\index.ctp, line 81]
2011-03-10 16:58:53 Debug: Notice (8): Undefined variable: paginator in [D:\xampp\htdocs\ngoinhanho\admin\views\news\index.ctp, line 81]
2011-03-10 16:59:47 Debug: Notice (8): Undefined property: View::$TvFck in [D:\xampp\htdocs\ngoinhanho\admin\views\news\add.ctp, line 37]
2011-03-10 17:00:07 Debug: Notice (8): Undefined variable: list_cat in [D:\xampp\htdocs\ngoinhanho\admin\views\news\add.ctp, line 52]
2011-03-10 17:00:15 Debug: Notice (8): Undefined property: NewsController::$Category in [D:\xampp\htdocs\ngoinhanho\admin\controllers\news_controller.php, line 13]
2011-03-10 17:00:49 Debug: Notice (8): Undefined variable: list_cat in [D:\xampp\htdocs\ngoinhanho\admin\views\news\add.ctp, line 52]
2011-03-10 17:02:54 Debug: Notice (8): Undefined variable: list_cat in [D:\xampp\htdocs\ngoinhanho\admin\views\news\add.ctp, line 52]
2011-03-10 17:04:59 Debug: Notice (8): Undefined variable: list_cat in [D:\xampp\htdocs\ngoinhanho\admin\views\news\add.ctp, line 52]
2011-03-10 17:05:38 Debug: Notice (8): Undefined variable: list_cat in [D:\xampp\htdocs\ngoinhanho\admin\views\news\add.ctp, line 52]
2011-03-10 17:09:05 Debug: Notice (8): Undefined variable: list_cat in [D:\xampp\htdocs\ngoinhanho\admin\views\news\add.ctp, line 52]
2011-03-10 17:09:26 Debug: Notice (8): Undefined variable: list_cat in [D:\xampp\htdocs\ngoinhanho\admin\views\news\add.ctp, line 52]
2011-03-10 17:13:31 Debug: Notice (8): Undefined property: NewsController::$Category in [D:\xampp\htdocs\ngoinhanho\admin\controllers\news_controller.php, line 13]
2011-03-10 17:13:56 Debug: Notice (8): Undefined property: NewsController::$Category in [D:\xampp\htdocs\ngoinhanho\admin\controllers\news_controller.php, line 13]
2011-03-10 17:14:16 Debug: Notice (8): Undefined property: NewsController::$Category in [D:\xampp\htdocs\ngoinhanho\admin\controllers\news_controller.php, line 14]
2011-03-10 17:14:24 Debug: Notice (8): Undefined property: NewsController::$Category in [D:\xampp\htdocs\ngoinhanho\admin\controllers\news_controller.php, line 14]
2011-03-10 17:46:57 Debug: Notice (8): Use of undefined constant DOMAIN - assumed 'DOMAIN' in [D:\xampp\htdocs\ngoinhanho\admin\views\news\edit.ctp, line 15]
2011-03-10 17:46:57 Debug: Notice (8): Use of undefined constant DOMAIN - assumed 'DOMAIN' in [D:\xampp\htdocs\ngoinhanho\admin\views\news\edit.ctp, line 19]
2011-03-10 17:46:57 Debug: Notice (8): Undefined variable: edit in [D:\xampp\htdocs\ngoinhanho\admin\views\news\edit.ctp, line 27]
2011-03-10 17:46:57 Debug: Notice (8): Use of undefined constant DOMAIN - assumed 'DOMAIN' in [D:\xampp\htdocs\ngoinhanho\admin\views\news\edit.ctp, line 28]
2011-03-10 17:46:57 Debug: Notice (8): Undefined variable: edit in [D:\xampp\htdocs\ngoinhanho\admin\views\news\edit.ctp, line 34]
2011-03-10 17:46:57 Debug: Notice (8): Undefined variable: edit in [D:\xampp\htdocs\ngoinhanho\admin\views\news\edit.ctp, line 37]
2011-03-10 17:46:57 Debug: Notice (8): Undefined variable: edit in [D:\xampp\htdocs\ngoinhanho\admin\views\news\edit.ctp, line 56]
2011-03-10 17:46:57 Debug: Notice (8): Undefined variable: list_cat in [D:\xampp\htdocs\ngoinhanho\admin\views\news\edit.ctp, line 56]
2011-03-10 17:46:57 Debug: Notice (8): Undefined variable: edit in [D:\xampp\htdocs\ngoinhanho\admin\views\news\edit.ctp, line 62]
2011-03-10 17:46:57 Debug: Notice (8): Use of undefined constant DOMAIN - assumed 'DOMAIN' in [D:\xampp\htdocs\ngoinhanho\admin\views\news\edit.ctp, line 62]
2011-03-10 17:46:57 Debug: Notice (8): Undefined variable: edit in [D:\xampp\htdocs\ngoinhanho\admin\views\news\edit.ctp, line 69]
2011-03-10 17:46:58 Debug: Notice (8): Use of undefined constant DOMAIN - assumed 'DOMAIN' in [D:\xampp\htdocs\ngoinhanho\admin\views\news\edit.ctp, line 15]
2011-03-10 17:46:58 Debug: Notice (8): Use of undefined constant DOMAIN - assumed 'DOMAIN' in [D:\xampp\htdocs\ngoinhanho\admin\views\news\edit.ctp, line 19]
2011-03-10 17:46:58 Debug: Notice (8): Undefined variable: edit in [D:\xampp\htdocs\ngoinhanho\admin\views\news\edit.ctp, line 27]
2011-03-10 17:46:58 Debug: Notice (8): Use of undefined constant DOMAIN - assumed 'DOMAIN' in [D:\xampp\htdocs\ngoinhanho\admin\views\news\edit.ctp, line 28]
2011-03-10 17:46:58 Debug: Notice (8): Undefined variable: edit in [D:\xampp\htdocs\ngoinhanho\admin\views\news\edit.ctp, line 34]
2011-03-10 17:46:58 Debug: Notice (8): Undefined variable: edit in [D:\xampp\htdocs\ngoinhanho\admin\views\news\edit.ctp, line 37]
2011-03-10 17:46:58 Debug: Notice (8): Undefined variable: edit in [D:\xampp\htdocs\ngoinhanho\admin\views\news\edit.ctp, line 56]
2011-03-10 17:46:58 Debug: Notice (8): Undefined variable: list_cat in [D:\xampp\htdocs\ngoinhanho\admin\views\news\edit.ctp, line 56]
2011-03-10 17:46:58 Debug: Notice (8): Undefined variable: edit in [D:\xampp\htdocs\ngoinhanho\admin\views\news\edit.ctp, line 62]
2011-03-10 17:46:58 Debug: Notice (8): Use of undefined constant DOMAIN - assumed 'DOMAIN' in [D:\xampp\htdocs\ngoinhanho\admin\views\news\edit.ctp, line 62]
2011-03-10 17:46:58 Debug: Notice (8): Undefined variable: edit in [D:\xampp\htdocs\ngoinhanho\admin\views\news\edit.ctp, line 69]
2011-03-10 17:48:28 Debug: Notice (8): Use of undefined constant DOMAIN - assumed 'DOMAIN' in [D:\xampp\htdocs\ngoinhanho\admin\views\news\edit.ctp, line 15]
2011-03-10 17:48:28 Debug: Notice (8): Use of undefined constant DOMAIN - assumed 'DOMAIN' in [D:\xampp\htdocs\ngoinhanho\admin\views\news\edit.ctp, line 19]
2011-03-10 17:48:28 Debug: Notice (8): Use of undefined constant DOMAIN - assumed 'DOMAIN' in [D:\xampp\htdocs\ngoinhanho\admin\views\news\edit.ctp, line 27]
2011-03-10 17:48:28 Debug: Notice (8): Undefined variable: edit in [D:\xampp\htdocs\ngoinhanho\admin\views\news\edit.ctp, line 33]
2011-03-10 17:48:28 Debug: Notice (8): Undefined variable: edit in [D:\xampp\htdocs\ngoinhanho\admin\views\news\edit.ctp, line 53]
2011-03-10 17:48:28 Debug: Notice (8): Undefined variable: list_cat in [D:\xampp\htdocs\ngoinhanho\admin\views\news\edit.ctp, line 53]
2011-03-10 17:48:28 Debug: Notice (8): Undefined variable: edit in [D:\xampp\htdocs\ngoinhanho\admin\views\news\edit.ctp, line 59]
2011-03-10 17:48:28 Debug: Notice (8): Use of undefined constant DOMAIN - assumed 'DOMAIN' in [D:\xampp\htdocs\ngoinhanho\admin\views\news\edit.ctp, line 59]
2011-03-10 17:48:28 Debug: Notice (8): Undefined variable: edit in [D:\xampp\htdocs\ngoinhanho\admin\views\news\edit.ctp, line 66]
2011-03-10 17:48:29 Debug: Notice (8): Use of undefined constant DOMAIN - assumed 'DOMAIN' in [D:\xampp\htdocs\ngoinhanho\admin\views\news\edit.ctp, line 15]
2011-03-10 17:48:29 Debug: Notice (8): Use of undefined constant DOMAIN - assumed 'DOMAIN' in [D:\xampp\htdocs\ngoinhanho\admin\views\news\edit.ctp, line 19]
2011-03-10 17:48:29 Debug: Notice (8): Use of undefined constant DOMAIN - assumed 'DOMAIN' in [D:\xampp\htdocs\ngoinhanho\admin\views\news\edit.ctp, line 27]
2011-03-10 17:48:29 Debug: Notice (8): Undefined variable: edit in [D:\xampp\htdocs\ngoinhanho\admin\views\news\edit.ctp, line 33]
2011-03-10 17:48:29 Debug: Notice (8): Undefined variable: edit in [D:\xampp\htdocs\ngoinhanho\admin\views\news\edit.ctp, line 53]
2011-03-10 17:48:29 Debug: Notice (8): Undefined variable: list_cat in [D:\xampp\htdocs\ngoinhanho\admin\views\news\edit.ctp, line 53]
2011-03-10 17:48:29 Debug: Notice (8): Undefined variable: edit in [D:\xampp\htdocs\ngoinhanho\admin\views\news\edit.ctp, line 59]
2011-03-10 17:48:29 Debug: Notice (8): Use of undefined constant DOMAIN - assumed 'DOMAIN' in [D:\xampp\htdocs\ngoinhanho\admin\views\news\edit.ctp, line 59]
2011-03-10 17:48:29 Debug: Notice (8): Undefined variable: edit in [D:\xampp\htdocs\ngoinhanho\admin\views\news\edit.ctp, line 66]
2011-03-10 17:48:48 Debug: Notice (8): Undefined variable: edit in [D:\xampp\htdocs\ngoinhanho\admin\views\news\edit.ctp, line 33]
2011-03-10 17:48:48 Debug: Notice (8): Undefined variable: edit in [D:\xampp\htdocs\ngoinhanho\admin\views\news\edit.ctp, line 53]
2011-03-10 17:48:48 Debug: Notice (8): Undefined variable: list_cat in [D:\xampp\htdocs\ngoinhanho\admin\views\news\edit.ctp, line 53]
2011-03-10 17:48:48 Debug: Notice (8): Undefined variable: edit in [D:\xampp\htdocs\ngoinhanho\admin\views\news\edit.ctp, line 59]
2011-03-10 17:48:48 Debug: Notice (8): Undefined variable: edit in [D:\xampp\htdocs\ngoinhanho\admin\views\news\edit.ctp, line 66]
2011-03-10 17:49:50 Debug: Notice (8): Undefined variable: edit in [D:\xampp\htdocs\ngoinhanho\admin\views\news\edit.ctp, line 33]
2011-03-10 17:49:50 Debug: Notice (8): Undefined variable: edit in [D:\xampp\htdocs\ngoinhanho\admin\views\news\edit.ctp, line 53]
2011-03-10 17:49:50 Debug: Notice (8): Undefined variable: list_cat in [D:\xampp\htdocs\ngoinhanho\admin\views\news\edit.ctp, line 53]
2011-03-10 17:49:50 Debug: Notice (8): Undefined variable: edit in [D:\xampp\htdocs\ngoinhanho\admin\views\news\edit.ctp, line 59]
2011-03-10 17:50:09 Debug: Notice (8): Undefined variable: edit in [D:\xampp\htdocs\ngoinhanho\admin\views\news\edit.ctp, line 33]
2011-03-10 17:50:09 Debug: Notice (8): Undefined variable: edit in [D:\xampp\htdocs\ngoinhanho\admin\views\news\edit.ctp, line 53]
2011-03-10 17:50:09 Debug: Notice (8): Undefined variable: list_cat in [D:\xampp\htdocs\ngoinhanho\admin\views\news\edit.ctp, line 53]
2011-03-10 17:50:09 Debug: Notice (8): Undefined variable: edit in [D:\xampp\htdocs\ngoinhanho\admin\views\news\edit.ctp, line 59]
2011-03-10 17:52:06 Debug: Notice (8): Undefined variable: edit in [D:\xampp\htdocs\ngoinhanho\admin\views\news\edit.ctp, line 33]
2011-03-10 17:52:06 Debug: Notice (8): Undefined variable: list_cat in [D:\xampp\htdocs\ngoinhanho\admin\views\news\edit.ctp, line 53]
2011-03-10 17:52:06 Debug: Notice (8): Undefined variable: edit in [D:\xampp\htdocs\ngoinhanho\admin\views\news\edit.ctp, line 59]
2011-03-10 17:53:06 Debug: Notice (8): Undefined variable: edit in [D:\xampp\htdocs\ngoinhanho\admin\views\news\edit.ctp, line 33]
2011-03-10 17:53:06 Debug: Notice (8): Undefined variable: edit in [D:\xampp\htdocs\ngoinhanho\admin\views\news\edit.ctp, line 59]
2011-03-10 17:53:23 Debug: Notice (8): Undefined variable: edit in [D:\xampp\htdocs\ngoinhanho\admin\views\news\edit.ctp, line 33]
2011-03-10 17:53:23 Debug: Notice (8): Undefined variable: edit in [D:\xampp\htdocs\ngoinhanho\admin\views\news\edit.ctp, line 59]
2011-03-10 17:54:22 Debug: Notice (8): Undefined variable: edit in [D:\xampp\htdocs\ngoinhanho\admin\views\news\edit.ctp, line 33]
2011-03-10 17:54:22 Debug: Notice (8): Undefined variable: edit in [D:\xampp\htdocs\ngoinhanho\admin\views\news\edit.ctp, line 59]
2011-03-10 17:54:47 Debug: Notice (8): Undefined variable: edit in [D:\xampp\htdocs\ngoinhanho\admin\views\news\edit.ctp, line 33]
2011-03-10 17:54:47 Debug: Notice (8): Undefined variable: edit in [D:\xampp\htdocs\ngoinhanho\admin\views\news\edit.ctp, line 59]
2011-03-10 17:54:56 Debug: Notice (8): Undefined variable: edit in [D:\xampp\htdocs\ngoinhanho\admin\views\news\edit.ctp, line 33]
2011-03-10 17:54:56 Debug: Notice (8): Undefined variable: edit in [D:\xampp\htdocs\ngoinhanho\admin\views\news\edit.ctp, line 59]
2011-03-10 17:55:46 Debug: Notice (8): Undefined variable: edit in [D:\xampp\htdocs\ngoinhanho\admin\views\news\edit.ctp, line 33]
2011-03-10 17:55:47 Debug: Notice (8): Undefined variable: edit in [D:\xampp\htdocs\ngoinhanho\admin\views\news\edit.ctp, line 59]
2011-03-10 17:56:00 Debug: Notice (8): Undefined variable: edit in [D:\xampp\htdocs\ngoinhanho\admin\views\news\edit.ctp, line 33]
2011-03-10 17:56:00 Debug: Notice (8): Undefined variable: edit in [D:\xampp\htdocs\ngoinhanho\admin\views\news\edit.ctp, line 59]
2011-03-10 17:56:15 Debug: Notice (8): Undefined variable: edit in [D:\xampp\htdocs\ngoinhanho\admin\views\news\edit.ctp, line 33]
2011-03-10 17:56:15 Debug: Notice (8): Undefined variable: edit in [D:\xampp\htdocs\ngoinhanho\admin\views\news\edit.ctp, line 59]
2011-03-10 17:56:47 Debug: Notice (8): Undefined variable: edit in [D:\xampp\htdocs\ngoinhanho\admin\views\news\edit.ctp, line 59]
2011-03-10 17:57:10 Debug: Notice (8): Undefined variable: edit in [D:\xampp\htdocs\ngoinhanho\admin\views\news\edit.ctp, line 59]
2011-03-10 17:58:03 Debug: Notice (8): Undefined variable: data in [D:\xampp\htdocs\ngoinhanho\admin\views\news\edit.ctp, line 59]
2011-03-10 17:58:21 Debug: Notice (8): Undefined variable: data in [D:\xampp\htdocs\ngoinhanho\admin\views\news\edit.ctp, line 59]
2011-03-10 18:00:16 Debug: Notice (8): Undefined index: New in [D:\xampp\htdocs\ngoinhanho\admin\views\news\edit.ctp, line 59]
2011-03-10 18:00:34 Debug: Notice (8): Undefined variable: data in [D:\xampp\htdocs\ngoinhanho\admin\views\news\edit.ctp, line 59]
2011-03-10 23:19:59 Debug: Notice (8): Undefined index: name in [D:\project\xampp\htdocs\ngoinhanho\admin\controllers\login_controller.php, line 18]
2011-03-10 23:20:59 Debug: Notice (8): Undefined index: name in [D:\project\xampp\htdocs\ngoinhanho\admin\controllers\login_controller.php, line 18]
2011-03-10 23:21:21 Debug: Notice (8): Undefined index: name in [D:\project\xampp\htdocs\ngoinhanho\admin\controllers\login_controller.php, line 18]
2011-03-10 23:21:54 Debug: Notice (8): Undefined index: name in [D:\project\xampp\htdocs\ngoinhanho\admin\controllers\login_controller.php, line 18]
2011-03-10 23:23:34 Debug: Notice (8): Undefined index: name in [D:\project\xampp\htdocs\ngoinhanho\admin\controllers\login_controller.php, line 18]
2011-03-10 23:23:43 Debug: Notice (8): Undefined index: name in [D:\project\xampp\htdocs\ngoinhanho\admin\controllers\login_controller.php, line 18]
2011-03-10 23:24:12 Debug: Notice (8): Undefined index: name in [D:\project\xampp\htdocs\ngoinhanho\admin\controllers\login_controller.php, line 18]
2011-03-10 23:47:29 Debug: Notice (8): Undefined variable: check in [D:\project\xampp\htdocs\ngoinhanho\admin\controllers\login_controller.php, line 22]
2011-03-10 23:47:29 Debug: Notice (8): Undefined variable: check in [D:\project\xampp\htdocs\ngoinhanho\admin\controllers\login_controller.php, line 23]
2011-03-10 23:48:10 Debug: Notice (8): Undefined variable: check in [D:\project\xampp\htdocs\ngoinhanho\admin\controllers\login_controller.php, line 22]
2011-03-10 23:48:10 Debug: Notice (8): Undefined variable: check in [D:\project\xampp\htdocs\ngoinhanho\admin\controllers\login_controller.php, line 23]
2011-03-10 23:49:51 Debug: Notice (8): Undefined variable: check in [D:\project\xampp\htdocs\ngoinhanho\admin\controllers\login_controller.php, line 22]
2011-03-10 23:49:51 Debug: Notice (8): Undefined variable: check in [D:\project\xampp\htdocs\ngoinhanho\admin\controllers\login_controller.php, line 23]
2011-03-11 00:03:54 Debug: Notice (8): Undefined property: CategoryController::$News in [D:\project\xampp\htdocs\ngoinhanho\admin\controllers\category_controller.php, line 58]
2011-03-11 17:36:00 Debug: Notice (8): Undefined property: View::$TvFck in [D:\project\xampp\htdocs\ngoinhanho\admin\views\gallery\add.ctp, line 37]
2011-03-11 17:36:37 Debug: Notice (8): Undefined property: View::$TvFck in [D:\project\xampp\htdocs\ngoinhanho\admin\views\gallery\add.ctp, line 33]
2011-03-11 18:04:56 Debug: Notice (8): Undefined index: News in [D:\project\xampp\htdocs\ngoinhanho\admin\controllers\gallery_controller.php, line 35]
2011-03-11 20:09:14 Debug: Notice (8): Undefined variable: news in [D:\project\xampp\htdocs\ngoinhanho\admin\views\accounts\index.ctp, line 38]
2011-03-11 20:09:14 Debug: Notice (8): Undefined variable: paginator in [D:\project\xampp\htdocs\ngoinhanho\admin\views\accounts\index.ctp, line 81]
2011-03-11 20:12:28 Debug: Notice (8): Undefined variable: news in [D:\project\xampp\htdocs\ngoinhanho\admin\views\accounts\index.ctp, line 30]
2011-03-11 20:12:28 Debug: Notice (8): Undefined variable: paginator in [D:\project\xampp\htdocs\ngoinhanho\admin\views\accounts\index.ctp, line 73]
2011-03-11 20:18:25 Debug: Notice (8): Undefined variable: news in [D:\project\xampp\htdocs\ngoinhanho\admin\views\accounts\index.ctp, line 29]
2011-03-11 20:29:24 Debug: Notice (8): Undefined property: AccountsController::$News in [D:\project\xampp\htdocs\ngoinhanho\admin\controllers\accounts_controller.php, line 27]
2011-03-11 20:30:56 Debug: Notice (8): Undefined variable: categorylist in [D:\project\xampp\htdocs\ngoinhanho\admin\views\accounts\edit_pass.ctp, line 34]
2011-03-11 20:31:03 Debug: Notice (8): Undefined variable: categorylist in [D:\project\xampp\htdocs\ngoinhanho\admin\views\accounts\edit_pass.ctp, line 34]
2011-03-11 20:31:41 Debug: Notice (8): Undefined variable: categorylist in [D:\project\xampp\htdocs\ngoinhanho\admin\views\accounts\edit_pass.ctp, line 34]
2011-03-11 20:31:54 Debug: Notice (8): Undefined variable: categorylist in [D:\project\xampp\htdocs\ngoinhanho\admin\views\accounts\edit_pass.ctp, line 34]
2011-03-11 20:32:09 Debug: Notice (8): Undefined variable: categorylist in [D:\project\xampp\htdocs\ngoinhanho\admin\views\accounts\edit_pass.ctp, line 34]
2011-03-11 20:32:46 Debug: Notice (8): Undefined variable: categorylist in [D:\project\xampp\htdocs\ngoinhanho\admin\views\accounts\edit_pass.ctp, line 34]
2011-03-11 20:40:37 Debug: Notice (8): Undefined variable: var in [D:\project\xampp\htdocs\ngoinhanho\cake\basics.php, line 356]
2011-03-11 21:13:55 Debug: Notice (8): Undefined property: AccountsController::$user in [D:\project\xampp\htdocs\ngoinhanho\admin\controllers\accounts_controller.php, line 27]
2011-03-11 21:28:29 Debug: Notice (8): Undefined property: AccountsController::$News in [D:\project\xampp\htdocs\ngoinhanho\admin\controllers\accounts_controller.php, line 33]
2011-03-12 09:43:19 Debug: Notice (8): Undefined variable: news in [D:\project\xampp\htdocs\ngoinhanho\admin\views\contacts\index.ctp, line 38]
2011-03-12 09:43:19 Debug: Notice (8): Undefined variable: paginator in [D:\project\xampp\htdocs\ngoinhanho\admin\views\contacts\index.ctp, line 85]
2011-03-12 09:53:54 Debug: Notice (8): Undefined variable: paginator in [D:\project\xampp\htdocs\ngoinhanho\admin\views\contacts\index.ctp, line 84]
2011-03-12 09:54:54 Debug: Notice (8): Undefined variable: paginator in [D:\project\xampp\htdocs\ngoinhanho\admin\views\contacts\index.ctp, line 84]
2011-03-12 09:59:22 Debug: Notice (8): Undefined index: Contacts in [D:\project\xampp\htdocs\ngoinhanho\admin\views\contacts\index.ctp, line 42]
2011-03-12 09:59:22 Debug: Notice (8): Undefined index: Contacts in [D:\project\xampp\htdocs\ngoinhanho\admin\views\contacts\index.ctp, line 43]
2011-03-12 09:59:22 Debug: Notice (8): Undefined index: Contacts in [D:\project\xampp\htdocs\ngoinhanho\admin\views\contacts\index.ctp, line 44]
2011-03-12 09:59:22 Debug: Notice (8): Undefined index: Contacts in [D:\project\xampp\htdocs\ngoinhanho\admin\views\contacts\index.ctp, line 46]
2011-03-12 09:59:22 Debug: Notice (8): Undefined index: Contacts in [D:\project\xampp\htdocs\ngoinhanho\admin\views\contacts\index.ctp, line 54]
2011-03-12 09:59:22 Debug: Notice (8): Undefined index: Contacts in [D:\project\xampp\htdocs\ngoinhanho\admin\views\contacts\index.ctp, line 56]
2011-03-12 09:59:22 Debug: Notice (8): Undefined index: Contacts in [D:\project\xampp\htdocs\ngoinhanho\admin\views\contacts\index.ctp, line 57]
2011-03-12 09:59:22 Debug: Notice (8): Undefined index: Contacts in [D:\project\xampp\htdocs\ngoinhanho\admin\views\contacts\index.ctp, line 58]
2011-03-12 09:59:22 Debug: Notice (8): Undefined index: Contacts in [D:\project\xampp\htdocs\ngoinhanho\admin\views\contacts\index.ctp, line 59]
2011-03-12 09:59:22 Debug: Notice (8): Undefined variable: paginator in [D:\project\xampp\htdocs\ngoinhanho\admin\views\contacts\index.ctp, line 84]
2011-03-12 10:00:36 Debug: Notice (8): Undefined variable: Contact in [D:\project\xampp\htdocs\ngoinhanho\admin\views\contacts\index.ctp, line 39]
2011-03-12 10:00:36 Debug: Notice (8): Undefined variable: paginator in [D:\project\xampp\htdocs\ngoinhanho\admin\views\contacts\index.ctp, line 84]
2011-03-12 10:01:44 Debug: Notice (8): Undefined variable: contact in [D:\project\xampp\htdocs\ngoinhanho\admin\views\contacts\index.ctp, line 40]
2011-03-12 10:01:44 Debug: Notice (8): Undefined variable: paginator in [D:\project\xampp\htdocs\ngoinhanho\admin\views\contacts\index.ctp, line 85]
2011-03-12 10:02:19 Debug: Notice (8): Undefined variable: paginator in [D:\project\xampp\htdocs\ngoinhanho\admin\views\contacts\index.ctp, line 85]
2011-03-12 10:02:42 Debug: Notice (8): Undefined variable: paginator in [D:\project\xampp\htdocs\ngoinhanho\admin\views\contacts\index.ctp, line 85]
2011-03-12 11:36:55 Debug: Notice (8): Undefined property: View::$TvFck in [D:\project\xampp\htdocs\ngoinhanho\admin\views\contacts\feedback.ctp, line 37]
2011-03-12 11:58:00 Debug: Notice (8): Undefined property: View::$TvFck in [D:\project\xampp\htdocs\ngoinhanho\admin\views\contacts\feedback.ctp, line 37]
2011-03-12 11:58:08 Debug: Notice (8): Undefined property: View::$TvFck in [D:\project\xampp\htdocs\ngoinhanho\admin\views\contacts\feedback.ctp, line 37]
2011-03-12 11:59:21 Debug: Notice (8): Undefined variable: list_cat in [D:\project\xampp\htdocs\ngoinhanho\admin\views\contacts\feedback.ctp, line 53]
2011-03-12 12:02:38 Debug: Notice (8): Undefined variable: list_cat in [D:\project\xampp\htdocs\ngoinhanho\admin\views\contacts\feedback.ctp, line 53]
2011-03-12 12:06:14 Debug: Notice (8): Undefined variable: list_cat in [D:\project\xampp\htdocs\ngoinhanho\admin\views\contacts\feedback.ctp, line 53]
2011-03-12 12:07:30 Debug: Notice (8): Undefined variable: list_cat in [D:\project\xampp\htdocs\ngoinhanho\admin\views\contacts\feedback.ctp, line 53]
2011-03-12 12:08:30 Debug: Notice (8): Undefined variable: list_cat in [D:\project\xampp\htdocs\ngoinhanho\admin\views\contacts\feedback.ctp, line 53]
2011-03-12 12:08:56 Debug: Notice (8): Undefined variable: list_cat in [D:\project\xampp\htdocs\ngoinhanho\admin\views\contacts\feedback.ctp, line 53]
2011-03-12 12:09:09 Debug: Notice (8): Undefined variable: list_cat in [D:\project\xampp\htdocs\ngoinhanho\admin\views\contacts\feedback.ctp, line 53]
2011-03-12 12:09:19 Debug: Notice (8): Undefined variable: list_cat in [D:\project\xampp\htdocs\ngoinhanho\admin\views\contacts\feedback.ctp, line 53]
2011-03-12 12:09:45 Debug: Notice (8): Undefined variable: list_cat in [D:\project\xampp\htdocs\ngoinhanho\admin\views\contacts\feedback.ctp, line 53]
2011-03-12 12:10:00 Debug: Notice (8): Undefined variable: list_cat in [D:\project\xampp\htdocs\ngoinhanho\admin\views\contacts\feedback.ctp, line 53]
2011-03-12 12:10:27 Debug: Notice (8): Undefined variable: list_cat in [D:\project\xampp\htdocs\ngoinhanho\admin\views\contacts\feedback.ctp, line 53]
2011-03-12 12:10:40 Debug: Notice (8): Undefined variable: list_cat in [D:\project\xampp\htdocs\ngoinhanho\admin\views\contacts\feedback.ctp, line 53]
2011-03-12 12:12:23 Debug: Notice (8): Undefined variable: list_cat in [D:\project\xampp\htdocs\ngoinhanho\admin\views\contacts\feedback.ctp, line 52]
2011-03-12 12:13:26 Debug: Notice (8): Undefined variable: list_cat in [D:\project\xampp\htdocs\ngoinhanho\admin\views\contacts\feedback.ctp, line 52]
2011-03-12 12:13:38 Debug: Notice (8): Undefined variable: list_cat in [D:\project\xampp\htdocs\ngoinhanho\admin\views\contacts\feedback.ctp, line 52]
2011-03-12 12:13:48 Debug: Notice (8): Undefined variable: list_cat in [D:\project\xampp\htdocs\ngoinhanho\admin\views\contacts\feedback.ctp, line 52]
2011-03-12 12:13:56 Debug: Notice (8): Undefined variable: list_cat in [D:\project\xampp\htdocs\ngoinhanho\admin\views\contacts\feedback.ctp, line 52]
2011-03-12 12:14:03 Debug: Notice (8): Undefined variable: list_cat in [D:\project\xampp\htdocs\ngoinhanho\admin\views\contacts\feedback.ctp, line 52]
2011-03-12 12:14:10 Debug: Notice (8): Undefined variable: list_cat in [D:\project\xampp\htdocs\ngoinhanho\admin\views\contacts\feedback.ctp, line 52]
2011-03-12 12:15:46 Debug: Notice (8): Undefined variable: list_cat in [D:\project\xampp\htdocs\ngoinhanho\admin\views\contacts\feedback.ctp, line 64]
2011-03-12 12:16:21 Debug: Notice (8): Undefined variable: list_cat in [D:\project\xampp\htdocs\ngoinhanho\admin\views\contacts\feedback.ctp, line 64]
2011-03-12 12:16:46 Debug: Notice (8): Undefined variable: list_cat in [D:\project\xampp\htdocs\ngoinhanho\admin\views\contacts\feedback.ctp, line 64]
2011-03-12 12:22:02 Debug: Notice (8): Undefined index: contacts in [D:\project\xampp\htdocs\ngoinhanho\admin\views\contacts\feedback.ctp, line 29]
2011-03-13 21:28:07 Debug: Notice (8): Use of undefined constant ADDRESS_EMAIL_SEND_ACTIVE - assumed 'ADDRESS_EMAIL_SEND_ACTIVE' in [D:\project\xampp\htdocs\ngoinhanho\admin\controllers\contacts_controller.php, line 32]
2011-03-13 21:28:07 Debug: Notice (8): Use of undefined constant FROM_NAME_EMAIL_ACTIVE - assumed 'FROM_NAME_EMAIL_ACTIVE' in [D:\project\xampp\htdocs\ngoinhanho\admin\controllers\contacts_controller.php, line 32]
2011-03-13 21:28:07 Debug: Notice (8): Use of undefined constant SUBJECT_EMAIL_ACTIVE - assumed 'SUBJECT_EMAIL_ACTIVE' in [D:\project\xampp\htdocs\ngoinhanho\admin\controllers\contacts_controller.php, line 32]
2011-03-13 22:57:48 Debug: Notice (8): Undefined variable: view in [D:\project\xampp\htdocs\ngoinhanho\admin\views\news\view.ctp, line 1]
2011-03-13 23:00:46 Debug: Notice (8): Undefined variable: valu in [D:\project\xampp\htdocs\ngoinhanho\admin\views\news\index.ctp, line 43]
2011-03-13 23:01:40 Debug: Notice (8): Undefined variable: list_cat in [D:\project\xampp\htdocs\ngoinhanho\admin\views\news\view.ctp, line 53]
2011-03-13 23:03:47 Debug: Notice (8): Undefined variable: list_cat in [D:\project\xampp\htdocs\ngoinhanho\admin\views\news\view.ctp, line 53]
2011-03-13 23:04:39 Debug: Notice (8): Undefined variable: list_cat in [D:\project\xampp\htdocs\ngoinhanho\admin\views\news\view.ctp, line 53]
2011-03-13 23:05:18 Debug: Notice (8): Undefined variable: list_cat in [D:\project\xampp\htdocs\ngoinhanho\admin\views\news\view.ctp, line 53]
2011-03-13 23:06:16 Debug: Notice (8): Undefined variable: list_cat in [D:\project\xampp\htdocs\ngoinhanho\admin\views\news\view.ctp, line 55]
2011-03-13 23:06:33 Debug: Notice (8): Undefined variable: list_cat in [D:\project\xampp\htdocs\ngoinhanho\admin\views\news\view.ctp, line 55]
2011-03-13 23:06:46 Debug: Notice (8): Undefined variable: list_cat in [D:\project\xampp\htdocs\ngoinhanho\admin\views\news\view.ctp, line 55]
2011-03-13 23:08:28 Debug: Notice (8): Undefined variable: list_cat in [D:\project\xampp\htdocs\ngoinhanho\admin\views\news\view.ctp, line 54]
2011-03-13 23:09:10 Debug: Notice (8): Undefined variable: list_cat in [D:\project\xampp\htdocs\ngoinhanho\admin\views\news\view.ctp, line 53]
2011-03-13 23:10:02 Debug: Notice (8): Undefined variable: list_cat in [D:\project\xampp\htdocs\ngoinhanho\admin\views\news\view.ctp, line 53]
2011-03-13 23:10:46 Debug: Notice (8): Undefined variable: list_cat in [D:\project\xampp\htdocs\ngoinhanho\admin\views\news\view.ctp, line 53]
2011-03-13 23:11:01 Debug: Notice (8): Undefined variable: list_cat in [D:\project\xampp\htdocs\ngoinhanho\admin\views\news\view.ctp, line 53]
2011-03-13 23:11:46 Debug: Notice (8): Undefined variable: list_cat in [D:\project\xampp\htdocs\ngoinhanho\admin\views\news\view.ctp, line 53]
2011-03-13 23:12:16 Debug: Notice (8): Undefined variable: list_cat in [D:\project\xampp\htdocs\ngoinhanho\admin\views\news\view.ctp, line 53]
2011-03-13 23:13:55 Debug: Notice (8): Undefined variable: demo in [D:\project\xampp\htdocs\ngoinhanho\admin\views\news\view.ctp, line 44]
2011-03-13 23:13:55 Debug: Notice (8): Undefined variable: list_cat in [D:\project\xampp\htdocs\ngoinhanho\admin\views\news\view.ctp, line 53]
2011-03-13 23:14:13 Debug: Notice (8): Undefined variable: list_cat in [D:\project\xampp\htdocs\ngoinhanho\admin\views\news\view.ctp, line 53]
2011-03-13 23:14:43 Debug: Notice (8): Undefined variable: list_cat in [D:\project\xampp\htdocs\ngoinhanho\admin\views\news\view.ctp, line 53]
2011-03-13 23:14:55 Debug: Notice (8): Undefined variable: list_cat in [D:\project\xampp\htdocs\ngoinhanho\admin\views\news\view.ctp, line 53]
2011-03-13 23:15:28 Debug: Notice (8): Undefined variable: list_cat in [D:\project\xampp\htdocs\ngoinhanho\admin\views\news\view.ctp, line 53]
2011-03-13 23:18:09 Debug: Notice (8): Undefined variable: list_cat in [D:\project\xampp\htdocs\ngoinhanho\admin\views\news\view.ctp, line 53]
2011-03-13 23:18:45 Debug: Notice (8): Undefined variable: list_cat in [D:\project\xampp\htdocs\ngoinhanho\admin\views\news\view.ctp, line 53]
2011-03-13 23:20:35 Debug: Notice (8): Undefined variable: list_cat in [D:\project\xampp\htdocs\ngoinhanho\admin\views\news\view.ctp, line 53]
2011-03-13 23:20:59 Debug: Notice (8): Undefined variable: list_cat in [D:\project\xampp\htdocs\ngoinhanho\admin\views\news\view.ctp, line 53]
2011-03-13 23:21:53 Debug: Notice (8): Undefined variable: list_cat in [D:\project\xampp\htdocs\ngoinhanho\admin\views\news\view.ctp, line 53]
2011-03-13 23:23:22 Debug: Notice (8): Undefined variable: list_cat in [D:\project\xampp\htdocs\ngoinhanho\admin\views\news\view.ctp, line 50]
2011-03-13 23:24:07 Debug: Notice (8): Undefined variable: list_cat in [D:\project\xampp\htdocs\ngoinhanho\admin\views\news\view.ctp, line 50]
2011-03-13 23:24:31 Debug: Notice (8): Undefined variable: list_cat in [D:\project\xampp\htdocs\ngoinhanho\admin\views\news\view.ctp, line 50]
2011-03-13 23:26:00 Debug: Notice (8): Undefined variable: list_cat in [D:\project\xampp\htdocs\ngoinhanho\admin\views\news\view.ctp, line 50]
2011-03-13 23:28:37 Debug: Notice (8): Undefined variable: list_cat in [D:\project\xampp\htdocs\ngoinhanho\admin\views\news\view.ctp, line 50]
2011-03-13 23:29:16 Debug: Notice (8): Undefined variable: list_cat in [D:\project\xampp\htdocs\ngoinhanho\admin\views\news\view.ctp, line 50]
2011-03-13 23:30:39 Debug: Notice (8): Undefined variable: list_cat in [D:\project\xampp\htdocs\ngoinhanho\admin\views\news\view.ctp, line 50]
2011-03-13 23:31:17 Debug: Notice (8): Undefined variable: list_cat in [D:\project\xampp\htdocs\ngoinhanho\admin\views\news\view.ctp, line 50]
2011-05-08 04:43:42 Debug: Notice (8): Undefined variable: news in [C:\xampp\htdocs\ngoinhanho\admin\views\products\index.ctp, line 39]
2011-05-08 04:53:13 Debug: Notice (8): Undefined variable: news in [C:\xampp\htdocs\ngoinhanho\admin\views\products\index.ctp, line 39]
2011-05-08 04:54:28 Debug: Notice (8): Undefined variable: product in [C:\xampp\htdocs\ngoinhanho\admin\views\products\index.ctp, line 39]
2011-05-08 06:19:53 Debug: Notice (8): Undefined property: ProductsController::$News in [C:\xampp\htdocs\ngoinhanho\admin\controllers\products_controller.php, line 89]
2011-05-08 06:22:43 Debug: Notice (8): Undefined property: ProductsController::$News in [C:\xampp\htdocs\ngoinhanho\admin\controllers\products_controller.php, line 81]
2011-05-08 06:50:15 Debug: Notice (8): Undefined variable: list_cat in [C:\xampp\htdocs\ngoinhanho\admin\views\products\view.ctp, line 83]
2011-05-08 06:50:31 Debug: Notice (8): Undefined variable: list_cat in [C:\xampp\htdocs\ngoinhanho\admin\views\products\view.ctp, line 83]
2011-05-08 06:53:05 Debug: Notice (8): Undefined variable: list_cat in [C:\xampp\htdocs\ngoinhanho\admin\views\products\view.ctp, line 83]
2011-05-08 20:09:48 Debug: Notice (8): Undefined variable: Form in [C:\xampp\htdocs\ngoinhanho\admin\views\projects\edit.ctp, line 31]
2011-05-08 20:10:56 Debug: Notice (8): Undefined property: ProjectsController::$News in [C:\xampp\htdocs\ngoinhanho\admin\controllers\projects_controller.php, line 81]
2011-05-08 20:11:32 Debug: Notice (8): Undefined property: ProjectsController::$Product in [C:\xampp\htdocs\ngoinhanho\admin\controllers\projects_controller.php, line 81]
2011-05-09 01:29:06 Debug: Notice (8): Undefined index: Gallery in [C:\xampp\htdocs\ngoinhanho\admin\views\partners\index.ctp, line 42]
2011-05-09 01:29:06 Debug: Notice (8): Undefined index: Gallery in [C:\xampp\htdocs\ngoinhanho\admin\views\partners\index.ctp, line 45]
2011-07-13 02:53:16 Debug: Notice (8): Undefined index: userfile in [C:\xampp\htdocs\ngoinhanho\admin\controllers\news_controller.php, line 80]
2011-07-13 02:54:12 Debug: Notice (8): Undefined index: userfile in [C:\xampp\htdocs\ngoinhanho\admin\controllers\news_controller.php, line 80]
2011-07-13 02:58:38 Debug: Notice (8): Undefined variable: javascript in [C:\xampp\htdocs\ngoinhanho\admin\views\elements\header.ctp, line 7]
2011-07-13 02:59:50 Debug: Notice (8): Undefined variable: javascript in [C:\xampp\htdocs\ngoinhanho\admin\views\elements\header.ctp, line 7]
2011-07-13 03:00:07 Debug: Notice (8): Undefined variable: javascript in [C:\xampp\htdocs\ngoinhanho\admin\views\elements\header.ctp, line 7]
2011-07-13 03:01:18 Debug: Notice (8): Undefined variable: javascript in [C:\xampp\htdocs\ngoinhanho\admin\views\elements\header.ctp, line 7]
2011-07-13 03:01:38 Debug: Notice (8): Undefined variable: javascript in [C:\xampp\htdocs\ngoinhanho\admin\views\elements\header.ctp, line 7]
2011-07-13 03:01:51 Debug: Notice (8): Undefined variable: javascript in [C:\xampp\htdocs\ngoinhanho\admin\views\elements\header.ctp, line 7]
2011-07-13 03:02:59 Debug: Notice (8): Undefined variable: javascript in [C:\xampp\htdocs\ngoinhanho\admin\views\layouts\admin.ctp, line 7]
2011-07-13 03:03:09 Debug: Notice (8): Undefined variable: javascript in [C:\xampp\htdocs\ngoinhanho\admin\views\layouts\admin.ctp, line 7]
2011-07-13 03:04:37 Debug: Notice (8): Undefined variable: javascript in [C:\xampp\htdocs\ngoinhanho\admin\views\layouts\admin.ctp, line 7]
2012-09-20 09:35:52 Notice: Notice (8): Undefined variable: key in [/home/develop/public_html/tienthoi/admin/views/orders/view.ctp, line 107]
2012-09-20 10:13:44 Notice: Notice (8): Undefined property: ProductsController::$Order in [/home/develop/public_html/tienthoi/admin/controllers/products_controller.php, line 76]
2012-09-20 10:26:41 Notice: Notice (8): Undefined offset: 1 in [/home/develop/public_html/tienthoi/admin/controllers/products_controller.php, line 79]
2012-09-20 10:26:43 Notice: Notice (8): Undefined offset: 1 in [/home/develop/public_html/tienthoi/admin/controllers/products_controller.php, line 79]
2012-09-20 10:29:57 Notice: Notice (8): Undefined property: ProductsController::$Orders in [/home/develop/public_html/tienthoi/admin/controllers/products_controller.php, line 79]
2012-09-20 15:50:05 Notice: Notice (8): Use of undefined constant SHDTT - assumed 'SHDTT' in [/home/develop/public_html/tienthoi/admin/views/orders/export_xls.ctp, line 36]
2012-09-20 15:54:12 Notice: Notice (8): Use of undefined constant SHDTT - assumed 'SHDTT' in [/home/develop/public_html/tienthoi/admin/views/orders/export_xls.ctp, line 36]
2012-09-20 16:19:12 Notice: Notice (8): Undefined index: Product in [/home/develop/public_html/tienthoi/admin/views/orders/export_txt.ctp, line 17]
2012-09-20 16:34:27 Notice: Notice (8): Undefined index: Product in [/home/develop/public_html/tienthoi/admin/views/shop/index.ctp, line 108]
2012-09-20 16:34:47 Notice: Notice (8): Undefined variable: list_cat in [/home/develop/public_html/tienthoi/admin/views/shop/edit.ctp, line 44]
2012-09-20 17:15:29 Notice: Notice (8): Undefined property: ShopController::$Order in [/home/develop/public_html/tienthoi/admin/controllers/shop_controller.php, line 22]
2012-09-20 17:16:07 Notice: Notice (8): Undefined variable: date in [/home/develop/public_html/tienthoi/admin/controllers/shop_controller.php, line 22]
2012-09-20 17:16:07 Notice: Notice (8): Undefined variable: date in [/home/develop/public_html/tienthoi/admin/controllers/shop_controller.php, line 23]
2012-09-20 17:16:44 Notice: Notice (8): Undefined variable: date in [/home/develop/public_html/tienthoi/admin/controllers/shop_controller.php, line 22]
2012-09-20 17:16:44 Notice: Notice (8): Undefined variable: date in [/home/develop/public_html/tienthoi/admin/controllers/shop_controller.php, line 23]
2012-09-20 17:19:07 Notice: Notice (8): Undefined variable: date in [/home/develop/public_html/tienthoi/admin/controllers/shop_controller.php, line 22]
2012-09-20 17:19:07 Notice: Notice (8): Undefined variable: date in [/home/develop/public_html/tienthoi/admin/controllers/shop_controller.php, line 23]
2012-09-20 17:21:37 Notice: Notice (8): Undefined variable: date in [/home/develop/public_html/tienthoi/admin/controllers/shop_controller.php, line 22]
2012-09-20 17:21:37 Notice: Notice (8): Undefined variable: date in [/home/develop/public_html/tienthoi/admin/controllers/shop_controller.php, line 23]
2012-09-20 17:21:57 Notice: Notice (8): Undefined index: catygory_code in [/home/develop/public_html/tienthoi/admin/views/shop/index.ctp, line 96]
2012-09-20 17:22:46 Notice: Notice (8): Undefined variable: date in [/home/develop/public_html/tienthoi/admin/controllers/shop_controller.php, line 22]
2012-09-20 17:22:46 Notice: Notice (8): Undefined variable: date in [/home/develop/public_html/tienthoi/admin/controllers/shop_controller.php, line 23]
2012-09-21 00:30:10 Notice: Notice (8): Undefined index: 2 in [/home/develop/public_html/tienthoi/admin/controllers/products_controller.php, line 536]
2012-09-21 00:30:10 Notice: Notice (8): Undefined index: 1 in [/home/develop/public_html/tienthoi/admin/controllers/products_controller.php, line 536]
2012-09-21 00:30:51 Notice: Notice (8): Undefined property: SettingsController::$Setting in [/home/develop/public_html/tienthoi/admin/controllers/settings_controller.php, line 92]
2012-09-21 00:31:02 Notice: Notice (8): Undefined property: SettingsController::$Setting in [/home/develop/public_html/tienthoi/admin/controllers/settings_controller.php, line 92]
2012-09-21 00:32:15 Notice: Notice (8): Undefined property: SettingsController::$Setting in [/home/develop/public_html/tienthoi/admin/controllers/settings_controller.php, line 92]
2012-09-21 00:32:41 Notice: Notice (8): Undefined property: SettingsController::$Setting in [/home/develop/public_html/tienthoi/admin/controllers/settings_controller.php, line 92]
2012-09-21 00:33:07 Notice: Notice (8): Undefined property: SettingsController::$Setting in [/home/develop/public_html/tienthoi/admin/controllers/settings_controller.php, line 92]
2012-09-21 00:33:48 Notice: Notice (8): Undefined property: SettingsController::$Setting in [/home/develop/public_html/tienthoi/admin/controllers/settings_controller.php, line 92]
2012-09-21 00:33:50 Notice: Notice (8): Undefined property: SettingsController::$Setting in [/home/develop/public_html/tienthoi/admin/controllers/settings_controller.php, line 92]
2012-09-21 00:35:35 Notice: Notice (8): Undefined property: SettingsController::$Setting in [/home/develop/public_html/tienthoi/admin/controllers/settings_controller.php, line 92]
2012-09-21 00:36:15 Notice: Notice (8): Undefined property: SettingsController::$Setting in [/home/develop/public_html/tienthoi/admin/controllers/settings_controller.php, line 92]
2012-09-21 00:36:17 Notice: Notice (8): Undefined property: SettingsController::$Setting in [/home/develop/public_html/tienthoi/admin/controllers/settings_controller.php, line 92]
2012-09-21 00:36:17 Notice: Notice (8): Undefined property: SettingsController::$Setting in [/home/develop/public_html/tienthoi/admin/controllers/settings_controller.php, line 92]
2012-09-21 00:37:06 Notice: Notice (8): Undefined property: SettingsController::$Setting in [/home/develop/public_html/tienthoi/admin/controllers/settings_controller.php, line 92]
2012-09-21 00:37:15 Notice: Notice (8): Undefined property: SettingsController::$Setting in [/home/develop/public_html/tienthoi/admin/controllers/settings_controller.php, line 92]
2012-09-21 00:45:56 Notice: Notice (8): Undefined index: 2 in [/home/develop/public_html/tienthoi/admin/controllers/products_controller.php, line 536]
2012-09-21 00:45:56 Notice: Notice (8): Undefined index: 1 in [/home/develop/public_html/tienthoi/admin/controllers/products_controller.php, line 536]
2012-09-21 00:47:53 Notice: Notice (8): Undefined index: 2 in [/home/develop/public_html/tienthoi/admin/controllers/products_controller.php, line 536]
2012-09-21 00:47:53 Notice: Notice (8): Undefined index: 1 in [/home/develop/public_html/tienthoi/admin/controllers/products_controller.php, line 536]
2012-09-27 08:22:26 Notice: Notice (8): Undefined index: Product in [/home/develop/public_html/tienthoi/admin/views/products/export_xls_nhap.ctp, line 32]
2012-09-27 08:22:26 Notice: Notice (8): Undefined index: Product in [/home/develop/public_html/tienthoi/admin/views/products/export_xls_nhap.ctp, line 33]
2012-09-27 08:22:26 Notice: Notice (8): Undefined index: Product in [/home/develop/public_html/tienthoi/admin/views/products/export_xls_nhap.ctp, line 34]
2012-09-27 08:22:26 Notice: Notice (8): Undefined index: Product in [/home/develop/public_html/tienthoi/admin/views/products/export_xls_nhap.ctp, line 35]
2012-09-27 08:23:44 Notice: Notice (8): Undefined variable: Purchasing_document in [/home/develop/public_html/tienthoi/admin/views/products/buy.ctp, line 55]
2012-09-27 08:25:25 Notice: Notice (8): Undefined index: Product in [/home/develop/public_html/tienthoi/admin/views/products/export_xls_nhap.ctp, line 32]
2012-09-27 08:25:25 Notice: Notice (8): Undefined index: Product in [/home/develop/public_html/tienthoi/admin/views/products/export_xls_nhap.ctp, line 33]
2012-09-27 08:25:25 Notice: Notice (8): Undefined index: Product in [/home/develop/public_html/tienthoi/admin/views/products/export_xls_nhap.ctp, line 34]
2012-09-27 08:25:25 Notice: Notice (8): Undefined index: Product in [/home/develop/public_html/tienthoi/admin/views/products/export_xls_nhap.ctp, line 35]
2012-09-27 09:03:02 Notice: Notice (8): Undefined variable: Purchasing_document in [/home/develop/public_html/tienthoi/admin/views/products/buy.ctp, line 55]
2012-09-27 09:21:44 Notice: Notice (8): Undefined variable: name in [/home/develop/public_html/tienthoi/admin/views/layouts/Purchasing_document.ctp, line 9]
2012-09-27 09:24:45 Notice: Notice (8): Undefined variable: name in [/home/develop/public_html/tienthoi/admin/views/layouts/Purchasing_document.ctp, line 9]
2012-09-27 09:25:51 Notice: Notice (8): Undefined variable: name in [/home/develop/public_html/tienthoi/admin/views/layouts/Purchasing_document.ctp, line 9]
2012-09-27 09:40:55 Notice: Notice (8): Undefined variable: select in [/home/develop/public_html/tienthoi/admin/controllers/products_controller.php, line 78]
2012-09-27 09:40:55 Notice: Notice (8): Undefined variable: select in [/home/develop/public_html/tienthoi/admin/controllers/products_controller.php, line 100]
2012-09-27 10:37:26 Notice: Notice (8): Undefined variable: paginator in [/home/develop/public_html/tienthoi/admin/views/products/sales.ctp, line 37]
2012-09-27 10:38:27 Notice: Notice (8): Undefined index: 
                         <th>Khch hng</th>
                       <th>Chi nhnh</th> in [/home/develop/public_html/tienthoi/admin/views/products/sales.ctp, line 58]
2012-09-27 10:49:48 Notice: Notice (8): Undefined variable: Purchasing_document_item in [/home/develop/public_html/tienthoi/admin/views/products/view_hoadonban.ctp, line 30]
2012-09-27 10:56:01 Notice: Notice (8): Undefined variable: Sale_document_item in [/home/develop/public_html/tienthoi/admin/views/products/export_xls_ban.ctp, line 37]
2012-09-27 10:58:35 Notice: Notice (8): Undefined variable: Sale_document_item in [/home/develop/public_html/tienthoi/admin/views/products/export_xls_ban.ctp, line 37]
2012-09-27 10:59:22 Notice: Notice (8): Undefined variable: Sale_document in [/home/develop/public_html/tienthoi/admin/views/products/export_xls_ban.ctp, line 37]
2012-09-27 11:00:35 Notice: Notice (8): Undefined index: parnert_code_in in [/home/develop/public_html/tienthoi/admin/views/products/export_xls_ban.ctp, line 41]
2012-09-27 11:00:35 Notice: Notice (8): Undefined index: product_code in [/home/develop/public_html/tienthoi/admin/views/products/export_xls_ban.ctp, line 42]
2012-09-27 11:00:35 Notice: Notice (8): Undefined index: customer_code  in [/home/develop/public_html/tienthoi/admin/views/products/export_xls_ban.ctp, line 43]
2012-09-27 11:00:35 Notice: Notice (8): Undefined index: sale_by  in [/home/develop/public_html/tienthoi/admin/views/products/export_xls_ban.ctp, line 45]
2012-09-27 11:01:47 Notice: Notice (8): Undefined index: customer_code  in [/home/develop/public_html/tienthoi/admin/views/products/export_xls_ban.ctp, line 43]
2012-09-27 11:01:47 Notice: Notice (8): Undefined index: sale_by  in [/home/develop/public_html/tienthoi/admin/views/products/export_xls_ban.ctp, line 45]
2012-09-27 11:02:30 Notice: Notice (8): Undefined index: sale_by  in [/home/develop/public_html/tienthoi/admin/views/products/export_xls_ban.ctp, line 45]
2012-09-27 13:35:20 Notice: Notice (8): Undefined variable: views in [/home/develop/public_html/tienthoi/admin/views/orders/export_xls1.ctp, line 22]
2012-09-27 13:35:20 Notice: Notice (8): Undefined variable: views in [/home/develop/public_html/tienthoi/admin/views/orders/export_xls1.ctp, line 56]
2012-09-27 13:37:07 Notice: Notice (8): Undefined variable: views in [/home/develop/public_html/tienthoi/admin/views/orders/export_xls1.ctp, line 40]
2012-09-27 13:48:58 Notice: Notice (8): Undefined variable: name in [/home/develop/public_html/tienthoi/admin/controllers/orders_controller.php, line 152]
2012-09-27 13:48:58 Notice: Notice (8): Undefined index: Order in [/home/develop/public_html/tienthoi/admin/views/orders/export_txt.ctp, line 4]
2012-09-27 13:48:58 Notice: Notice (8): Undefined index: Order in [/home/develop/public_html/tienthoi/admin/views/orders/export_txt.ctp, line 5]
2012-09-27 13:49:22 Notice: Notice (8): Undefined index: Order in [/home/develop/public_html/tienthoi/admin/views/orders/export_txt.ctp, line 4]
2012-09-27 13:49:22 Notice: Notice (8): Undefined index: Order in [/home/develop/public_html/tienthoi/admin/views/orders/export_txt.ctp, line 5]
2012-09-27 13:54:32 Notice: Notice (8): Undefined variable: Purchasing_document in [/home/develop/public_html/tienthoi/admin/views/products/buy.ctp, line 56]
2012-09-27 15:21:02 Notice: Notice (8): Undefined property: ProductsController::$Branch in [/home/develop/public_html/tienthoi/admin/controllers/products_controller.php, line 251]
2012-09-27 15:22:00 Notice: Notice (8): Undefined variable: Purchasing_document in [/home/develop/public_html/tienthoi/admin/views/products/buy.ctp, line 56]
2012-09-27 15:23:19 Notice: Notice (8): Undefined variable: Purchasing_document in [/home/develop/public_html/tienthoi/admin/views/products/buy.ctp, line 56]
2012-09-27 15:23:59 Notice: Notice (8): Undefined variable: Purchasing_document in [/home/develop/public_html/tienthoi/admin/views/products/buy.ctp, line 56]
2012-09-27 15:24:33 Notice: Notice (8): Undefined variable: list_cat in [/home/develop/public_html/tienthoi/admin/views/products/stocks.ctp, line 17]
2012-09-27 15:25:34 Notice: Notice (8): Undefined property: ProductsController::$Catproduct in [/home/develop/public_html/tienthoi/admin/controllers/products_controller.php, line 250]
2012-09-27 16:15:29 Notice: Notice (8): Undefined variable: list_cat in [/home/develop/public_html/tienthoi/admin/views/products/search_kho.ctp, line 17]
2012-09-27 16:15:29 Notice: Notice (8): Undefined property: View::$Paginator in [/home/develop/public_html/tienthoi/admin/views/products/search_kho.ctp, line 47]
2012-09-27 16:15:37 Notice: Notice (8): Undefined index: Purchasing_document_item in [/home/develop/public_html/tienthoi/admin/controllers/products_controller.php, line 276]
2012-09-27 16:15:37 Notice: Notice (8): Undefined index: Purchasing_document_item in [/home/develop/public_html/tienthoi/admin/controllers/products_controller.php, line 277]
2012-09-27 16:16:29 Notice: Notice (8): Undefined variable: list_cat in [/home/develop/public_html/tienthoi/admin/views/products/search_kho.ctp, line 17]
2012-09-27 16:16:29 Notice: Notice (8): Undefined property: View::$Paginator in [/home/develop/public_html/tienthoi/admin/views/products/search_kho.ctp, line 47]
2012-09-27 16:38:29 Notice: Notice (8): Undefined index: Purchasing_document_item in [/home/develop/public_html/tienthoi/admin/controllers/products_controller.php, line 293]
2012-09-27 16:38:29 Notice: Notice (8): Undefined index: Purchasing_document_item in [/home/develop/public_html/tienthoi/admin/controllers/products_controller.php, line 294]
2012-09-27 16:38:29 Notice: Notice (8): Undefined variable: list_cat in [/home/develop/public_html/tienthoi/admin/views/products/search_kho.ctp, line 17]
2012-09-27 16:38:29 Notice: Notice (8): Undefined property: View::$Paginator in [/home/develop/public_html/tienthoi/admin/views/products/search_kho.ctp, line 47]
2012-09-27 16:47:59 Notice: Notice (8): Undefined variable: list_cat in [/home/develop/public_html/tienthoi/admin/views/products/search_kho.ctp, line 17]
2012-09-27 16:47:59 Notice: Notice (8): Undefined property: View::$Paginator in [/home/develop/public_html/tienthoi/admin/views/products/search_kho.ctp, line 47]
2012-09-27 16:55:53 Notice: Notice (8): Undefined property: ProductsController::$Return_sale_document in [/home/develop/public_html/tienthoi/admin/controllers/products_controller.php, line 310]
2012-09-27 17:02:50 Notice: Notice (8): Undefined variable: list_cat in [/home/develop/public_html/tienthoi/admin/views/products/search_kho.ctp, line 17]
2012-09-27 17:02:50 Notice: Notice (8): Undefined property: View::$Paginator in [/home/develop/public_html/tienthoi/admin/views/products/search_kho.ctp, line 47]
2012-09-27 17:02:58 Notice: Notice (8): Undefined property: ProductsController::$Return_purchasing_document in [/home/develop/public_html/tienthoi/admin/controllers/products_controller.php, line 336]
2012-09-27 17:14:58 Notice: Notice (8): Undefined property: View::$Paginator in [/home/develop/public_html/tienthoi/admin/views/products/search_kho.ctp, line 47]
2012-09-27 17:16:52 Notice: Notice (8): Undefined property: View::$Paginator in [/home/develop/public_html/tienthoi/admin/views/products/search_kho.ctp, line 47]
2012-09-27 17:38:07 Notice: Notice (8): Undefined index: ban in [/home/develop/public_html/tienthoi/admin/views/products/search_kho.ctp, line 64]
2012-09-28 05:35:45 Notice: Notice (8): Undefined property: ProductsController::$session in [/home/develop/public_html/tienthoi/admin/controllers/products_controller.php, line 369]
2012-09-28 05:36:50 Notice: Notice (8): Undefined variable: branch_code in [/home/develop/public_html/tienthoi/admin/views/products/ton_xls.ctp, line 36]
2012-09-28 05:36:50 Notice: Notice (8): Undefined variable: product in [/home/develop/public_html/tienthoi/admin/views/products/ton_xls.ctp, line 54]
2012-09-28 05:38:02 Notice: Notice (8): Undefined variable: date in [/home/develop/public_html/tienthoi/admin/controllers/products_controller.php, line 388]
2012-09-28 05:39:29 Notice: Notice (8): Undefined variable: branch_code in [/home/develop/public_html/tienthoi/admin/views/products/ton_xls.ctp, line 36]
2012-09-28 06:23:54 Notice: Notice (8): Undefined index: 2 in [/home/develop/public_html/tienthoi/admin/controllers/shop_controller.php, line 26]
2012-09-28 06:23:54 Notice: Notice (8): Use of undefined constant category_code - assumed 'category_code' in [/home/develop/public_html/tienthoi/admin/controllers/shop_controller.php, line 29]
2012-09-28 06:25:13 Notice: Notice (8): Undefined variable: Branch in [/home/develop/public_html/tienthoi/admin/controllers/shop_controller.php, line 61]
2012-09-28 06:25:56 Notice: Notice (8): Undefined index: 2 in [/home/develop/public_html/tienthoi/admin/controllers/shop_controller.php, line 26]
2012-09-28 06:37:59 Notice: Notice (8): Undefined variable: branch in [/home/develop/public_html/tienthoi/admin/controllers/shop_controller.php, line 227]
2012-09-28 06:37:59 Notice: Notice (8): Trying to get property of non-object in [/home/develop/public_html/tienthoi/admin/controllers/shop_controller.php, line 227]
2012-09-28 06:38:37 Notice: Notice (8): Undefined index: Order in [/home/develop/public_html/tienthoi/admin/views/shop/edit.ctp, line 65]
2012-09-28 06:38:37 Notice: Notice (8): Use of undefined constant i - assumed 'i' in [/home/develop/public_html/tienthoi/admin/views/shop/edit.ctp, line 91]
2012-09-28 06:39:04 Notice: Notice (8): Undefined index: Order in [/home/develop/public_html/tienthoi/admin/views/shop/edit.ctp, line 65]
2012-09-28 06:40:32 Notice: Notice (8): Undefined index: Order in [/home/develop/public_html/tienthoi/admin/views/shop/edit.ctp, line 65]
2012-09-28 06:41:06 Notice: Notice (8): Undefined index: Order in [/home/develop/public_html/tienthoi/admin/views/shop/edit.ctp, line 65]
2012-09-28 06:41:42 Notice: Notice (8): Undefined index: News in [/home/develop/public_html/tienthoi/admin/controllers/news_controller.php, line 235]
2012-09-28 06:42:21 Notice: Notice (8): Undefined index: News in [/home/develop/public_html/tienthoi/admin/controllers/news_controller.php, line 235]
2012-10-03 17:26:45 Notice: Notice (8): Undefined variable: companyname in [/home/develop/public_html/tienthoi/admin/controllers/shop_controller.php, line 312]
2012-10-04 08:35:06 Notice: Notice (8): Undefined variable: category in [/home/develop/public_html/tienthoi/admin/views/shop/edit.ctp, line 147]
2012-10-04 13:58:03 Notice: Notice (8): Undefined variable: product in [/home/develop/public_html/tienthoi/admin/views/products/search_kho.ctp, line 55]
2012-10-04 13:58:03 Notice: Notice (8): Use of undefined constant DOMAINAD1 - assumed 'DOMAINAD1' in [/home/develop/public_html/tienthoi/admin/views/products/search_kho.ctp, line 76]
2012-10-04 13:58:03 Notice: Notice (8): Use of undefined constant DOMAINAD1 - assumed 'DOMAINAD1' in [/home/develop/public_html/tienthoi/admin/views/products/search_kho.ctp, line 77]
2012-10-04 13:58:35 Notice: Notice (8): Undefined variable: product in [/home/develop/public_html/tienthoi/admin/views/products/search_kho.ctp, line 55]
2012-10-04 13:59:28 Notice: Notice (8): Undefined variable: product in [/home/develop/public_html/tienthoi/admin/views/products/search_kho.ctp, line 55]
2012-10-04 13:59:31 Notice: Notice (8): Undefined variable: product in [/home/develop/public_html/tienthoi/admin/views/products/search_kho.ctp, line 55]
2012-10-04 13:59:44 Notice: Notice (8): Undefined variable: product in [/home/develop/public_html/tienthoi/admin/views/products/search_kho.ctp, line 55]
2012-10-04 14:01:27 Notice: Notice (8): Undefined variable: name in [/home/develop/public_html/tienthoi/admin/controllers/products_controller.php, line 435]
2012-10-04 14:01:27 Notice: Notice (8): Undefined variable: name in [/home/develop/public_html/tienthoi/admin/controllers/products_controller.php, line 436]
2012-10-04 14:02:15 Notice: Notice (8): Undefined variable: companyname in [/home/develop/public_html/tienthoi/admin/controllers/products_controller.php, line 282]
2012-10-04 14:02:15 Notice: Notice (8): Undefined variable: companyname in [/home/develop/public_html/tienthoi/admin/controllers/products_controller.php, line 426]
2012-10-04 14:02:37 Notice: Notice (8): Undefined variable: companyname in [/home/develop/public_html/tienthoi/admin/controllers/products_controller.php, line 424]
2013-01-16 13:49:44 Debug: Notice (8): Undefined offset: 2 in [C:\wamp\www\hoanggroup\admin\controllers\products_controller.php, line 558]
2013-01-16 13:49:44 Debug: Notice (8): Undefined offset: 1 in [C:\wamp\www\hoanggroup\admin\controllers\products_controller.php, line 558]
2013-01-16 13:49:44 Debug: Notice (8): Undefined index: date_batdau in [C:\wamp\www\hoanggroup\admin\views\products\edit.ctp, line 107]
2013-01-16 13:49:44 Debug: Notice (8): Undefined index: date_ketthuc in [C:\wamp\www\hoanggroup\admin\views\products\edit.ctp, line 114]
2013-01-16 13:50:01 Debug: Notice (8): Undefined offset: 2 in [C:\wamp\www\hoanggroup\admin\controllers\products_controller.php, line 558]
2013-01-16 13:50:01 Debug: Notice (8): Undefined offset: 1 in [C:\wamp\www\hoanggroup\admin\controllers\products_controller.php, line 558]
2013-01-16 13:50:01 Debug: Notice (8): Undefined index: date_batdau in [C:\wamp\www\hoanggroup\admin\views\products\edit.ctp, line 107]
2013-01-16 13:50:01 Debug: Notice (8): Undefined index: date_ketthuc in [C:\wamp\www\hoanggroup\admin\views\products\edit.ctp, line 114]
2013-03-22 02:57:15 Debug: Notice (8): Undefined index: date_batdau in [C:\wamp\www\hoanggroup\admin\views\products\edit.ctp, line 107]
2013-03-22 02:57:15 Debug: Notice (8): Undefined index: date_ketthuc in [C:\wamp\www\hoanggroup\admin\views\products\edit.ctp, line 114]
