2011-03-10 10:01:51 Warning: Warning (2): Invalid argument supplied for foreach() in [D:\xampp\htdocs\ngoinhanho\admin\views\category\index.ctp, line 48]
2011-03-10 10:03:36 Warning: Warning (2): Invalid argument supplied for foreach() in [D:\xampp\htdocs\ngoinhanho\admin\views\category\index.ctp, line 48]
2011-03-10 10:04:27 Warning: Warning (2): Invalid argument supplied for foreach() in [D:\xampp\htdocs\ngoinhanho\admin\views\category\index.ctp, line 48]
2011-03-10 10:05:38 Warning: Warning (2): Invalid argument supplied for foreach() in [D:\xampp\htdocs\ngoinhanho\admin\views\category\index.ctp, line 48]
2011-03-10 10:29:23 Warning: Warning (2): Invalid argument supplied for foreach() in [D:\xampp\htdocs\ngoinhanho\admin\views\category\index.ctp, line 48]
2011-03-10 10:31:43 Warning: Warning (2): Invalid argument supplied for foreach() in [D:\xampp\htdocs\ngoinhanho\admin\views\category\index.ctp, line 46]
2011-03-10 10:32:30 Warning: Warning (2): Invalid argument supplied for foreach() in [D:\xampp\htdocs\ngoinhanho\admin\views\category\index.ctp, line 46]
2011-03-10 11:17:53 Warning: Warning (2): Invalid argument supplied for foreach() in [D:\xampp\htdocs\ngoinhanho\admin\views\category\index.ctp, line 38]
2011-03-10 13:47:50 Warning: Warning (512): Could not find validation handler Xin vui lòng điền thông tin for name in [D:\xampp\htdocs\ngoinhanho\cake\libs\model\model.php, line 2613]
2011-03-10 13:47:50 Warning: Warning (2): Cannot modify header information - headers already sent by (output started at D:\xampp\htdocs\ngoinhanho\cake\libs\debugger.php:673) in [D:\xampp\htdocs\ngoinhanho\cake\libs\controller\controller.php, line 742]
2011-03-10 13:48:00 Warning: Warning (512): Could not find validation handler Xin vui lòng điền thông tin for name in [D:\xampp\htdocs\ngoinhanho\cake\libs\model\model.php, line 2613]
2011-03-10 13:48:00 Warning: Warning (2): Cannot modify header information - headers already sent by (output started at D:\xampp\htdocs\ngoinhanho\cake\libs\debugger.php:673) in [D:\xampp\htdocs\ngoinhanho\cake\libs\controller\controller.php, line 742]
2011-03-10 13:49:00 Warning: Warning (512): Could not find validation handler Xin vui lòng điển thông tin for name in [D:\xampp\htdocs\ngoinhanho\cake\libs\model\model.php, line 2613]
2011-03-10 13:49:00 Warning: Warning (2): Cannot modify header information - headers already sent by (output started at D:\xampp\htdocs\ngoinhanho\cake\libs\debugger.php:673) in [D:\xampp\htdocs\ngoinhanho\cake\libs\controller\controller.php, line 742]
2011-03-10 13:49:04 Warning: Warning (512): Could not find validation handler Xin vui lòng điển thông tin for name in [D:\xampp\htdocs\ngoinhanho\cake\libs\model\model.php, line 2613]
2011-03-10 13:49:04 Warning: Warning (2): Cannot modify header information - headers already sent by (output started at D:\xampp\htdocs\ngoinhanho\cake\libs\debugger.php:673) in [D:\xampp\htdocs\ngoinhanho\cake\libs\controller\controller.php, line 742]
2011-03-10 13:49:23 Warning: Warning (512): Could not find validation handler Xin vui lòng điển thông tin for name in [D:\xampp\htdocs\ngoinhanho\cake\libs\model\model.php, line 2613]
2011-03-10 13:49:23 Warning: Warning (2): Cannot modify header information - headers already sent by (output started at D:\xampp\htdocs\ngoinhanho\cake\libs\debugger.php:673) in [D:\xampp\htdocs\ngoinhanho\cake\libs\controller\controller.php, line 742]
2011-03-10 13:52:24 Warning: Warning (512): Could not find validation handler Xin vui lòng điển thông tin for name in [D:\xampp\htdocs\ngoinhanho\cake\libs\model\model.php, line 2613]
2011-03-10 13:52:24 Warning: Warning (2): Cannot modify header information - headers already sent by (output started at D:\xampp\htdocs\ngoinhanho\cake\libs\debugger.php:673) in [D:\xampp\htdocs\ngoinhanho\cake\libs\controller\controller.php, line 742]
2011-03-10 15:59:00 Warning: Warning (2): Invalid argument supplied for foreach() in [D:\xampp\htdocs\ngoinhanho\admin\views\news\index.ctp, line 38]
2011-03-10 15:59:58 Warning: Warning (2): Invalid argument supplied for foreach() in [D:\xampp\htdocs\ngoinhanho\admin\views\news\index.ctp, line 38]
2011-03-10 16:00:17 Warning: Warning (2): Invalid argument supplied for foreach() in [D:\xampp\htdocs\ngoinhanho\admin\views\news\index.ctp, line 38]
2011-03-10 16:00:45 Warning: Warning (2): Invalid argument supplied for foreach() in [D:\xampp\htdocs\ngoinhanho\admin\views\news\index.ctp, line 38]
2011-03-10 16:58:01 Warning: Warning (512): Controller::paginate() - can't find model News in controller NewsController in [D:\xampp\htdocs\ngoinhanho\cake\libs\controller\controller.php, line 1102]
2011-03-10 16:58:27 Warning: Warning (512): Controller::paginate() - can't find model News in controller NewsController in [D:\xampp\htdocs\ngoinhanho\cake\libs\controller\controller.php, line 1102]
2011-03-10 16:58:47 Warning: Warning (512): Controller::paginate() - can't find model News in controller NewsController in [D:\xampp\htdocs\ngoinhanho\cake\libs\controller\controller.php, line 1102]
2011-03-10 16:58:53 Warning: Warning (512): Controller::paginate() - can't find model News in controller NewsController in [D:\xampp\htdocs\ngoinhanho\cake\libs\controller\controller.php, line 1102]
2011-03-10 23:47:29 Warning: Warning (2): Cannot modify header information - headers already sent by (output started at D:\project\xampp\htdocs\ngoinhanho\cake\libs\debugger.php:673) in [D:\project\xampp\htdocs\ngoinhanho\cake\libs\controller\controller.php, line 742]
2011-03-10 23:48:10 Warning: Warning (2): Cannot modify header information - headers already sent by (output started at D:\project\xampp\htdocs\ngoinhanho\cake\libs\debugger.php:673) in [D:\project\xampp\htdocs\ngoinhanho\cake\libs\controller\controller.php, line 742]
2011-03-10 23:49:51 Warning: Warning (2): Cannot modify header information - headers already sent by (output started at D:\project\xampp\htdocs\ngoinhanho\cake\libs\debugger.php:673) in [D:\project\xampp\htdocs\ngoinhanho\cake\libs\controller\controller.php, line 742]
2011-03-11 18:04:56 Warning: Warning (2): Cannot modify header information - headers already sent by (output started at D:\project\xampp\htdocs\ngoinhanho\cake\libs\debugger.php:673) in [D:\project\xampp\htdocs\ngoinhanho\cake\libs\controller\controller.php, line 742]
2011-03-11 20:09:14 Warning: Warning (2): Invalid argument supplied for foreach() in [D:\project\xampp\htdocs\ngoinhanho\admin\views\accounts\index.ctp, line 38]
2011-03-11 20:12:28 Warning: Warning (2): Invalid argument supplied for foreach() in [D:\project\xampp\htdocs\ngoinhanho\admin\views\accounts\index.ctp, line 30]
2011-03-11 20:18:25 Warning: Warning (2): Invalid argument supplied for foreach() in [D:\project\xampp\htdocs\ngoinhanho\admin\views\accounts\index.ctp, line 29]
2011-03-11 20:40:37 Warning: Warning (2): Missing argument 1 for pr(), called in D:\project\xampp\htdocs\ngoinhanho\admin\controllers\accounts_controller.php on line 18 and defined in [D:\project\xampp\htdocs\ngoinhanho\cake\basics.php, line 353]
2011-03-11 20:44:54 Warning: Warning (2): Cannot modify header information - headers already sent by (output started at D:\project\xampp\htdocs\ngoinhanho\admin\controllers\accounts_controller.php:19) in [D:\project\xampp\htdocs\ngoinhanho\cake\libs\controller\controller.php, line 742]
2011-03-11 20:46:04 Warning: Warning (2): Cannot modify header information - headers already sent by (output started at D:\project\xampp\htdocs\ngoinhanho\admin\controllers\accounts_controller.php:19) in [D:\project\xampp\htdocs\ngoinhanho\cake\libs\controller\controller.php, line 742]
2011-03-11 20:46:11 Warning: Warning (2): Cannot modify header information - headers already sent by (output started at D:\project\xampp\htdocs\ngoinhanho\admin\controllers\accounts_controller.php:19) in [D:\project\xampp\htdocs\ngoinhanho\cake\libs\controller\controller.php, line 742]
2011-03-11 20:47:12 Warning: Warning (2): Cannot modify header information - headers already sent by (output started at D:\project\xampp\htdocs\ngoinhanho\admin\controllers\accounts_controller.php:19) in [D:\project\xampp\htdocs\ngoinhanho\cake\libs\controller\controller.php, line 742]
2011-03-11 20:50:05 Warning: Warning (2): Cannot modify header information - headers already sent by (output started at D:\project\xampp\htdocs\ngoinhanho\admin\controllers\accounts_controller.php:19) in [D:\project\xampp\htdocs\ngoinhanho\cake\libs\controller\controller.php, line 742]
2011-03-11 21:34:06 Warning: Warning (2): Cannot modify header information - headers already sent by (output started at D:\project\xampp\htdocs\ngoinhanho\admin\controllers\accounts_controller.php:34) in [D:\project\xampp\htdocs\ngoinhanho\cake\libs\controller\controller.php, line 742]
2011-03-12 09:43:19 Warning: Warning (2): Invalid argument supplied for foreach() in [D:\project\xampp\htdocs\ngoinhanho\admin\views\contacts\index.ctp, line 38]
2011-03-12 09:53:54 Warning: Warning (512): Controller::paginate() - can't find model Contacts in controller ContactsController in [D:\project\xampp\htdocs\ngoinhanho\cake\libs\controller\controller.php, line 1102]
2011-03-12 09:54:54 Warning: Warning (512): Controller::paginate() - can't find model Contacts in controller ContactsController in [D:\project\xampp\htdocs\ngoinhanho\cake\libs\controller\controller.php, line 1102]
2011-03-12 09:55:40 Warning: Warning (512): Controller::paginate() - can't find model Contacts in controller ContactsController in [D:\project\xampp\htdocs\ngoinhanho\cake\libs\controller\controller.php, line 1102]
2011-03-12 09:57:24 Warning: Warning (512): Controller::paginate() - can't find model Contacts in controller ContactsController in [D:\project\xampp\htdocs\ngoinhanho\cake\libs\controller\controller.php, line 1102]
2011-03-12 10:00:36 Warning: Warning (2): Invalid argument supplied for foreach() in [D:\project\xampp\htdocs\ngoinhanho\admin\views\contacts\index.ctp, line 39]
2011-03-12 10:01:44 Warning: Warning (2): Invalid argument supplied for foreach() in [D:\project\xampp\htdocs\ngoinhanho\admin\views\contacts\index.ctp, line 40]
2011-03-12 10:02:42 Warning: Warning (512): Controller::paginate() - can't find model Contacts in controller ContactsController in [D:\project\xampp\htdocs\ngoinhanho\cake\libs\controller\controller.php, line 1102]
2011-03-12 11:06:14 Warning: Warning (512): Controller::paginate() - can't find model Contacts in controller FeedbacksController in [D:\project\xampp\htdocs\ngoinhanho\cake\libs\controller\controller.php, line 1102]
2011-03-12 11:06:14 Warning: Warning (512): Controller::paginate() - can't find model Contacts in controller FeedbacksController in [D:\project\xampp\htdocs\ngoinhanho\cake\libs\controller\controller.php, line 1102]
2011-03-12 11:06:22 Warning: Warning (512): Controller::paginate() - can't find model Contacts in controller FeedbacksController in [D:\project\xampp\htdocs\ngoinhanho\cake\libs\controller\controller.php, line 1102]
2011-03-12 11:06:22 Warning: Warning (512): Controller::paginate() - can't find model Contacts in controller FeedbacksController in [D:\project\xampp\htdocs\ngoinhanho\cake\libs\controller\controller.php, line 1102]
2011-03-12 11:06:24 Warning: Warning (512): Controller::paginate() - can't find model Contacts in controller FeedbacksController in [D:\project\xampp\htdocs\ngoinhanho\cake\libs\controller\controller.php, line 1102]
2011-03-12 11:06:24 Warning: Warning (512): Controller::paginate() - can't find model Contacts in controller FeedbacksController in [D:\project\xampp\htdocs\ngoinhanho\cake\libs\controller\controller.php, line 1102]
2011-03-12 11:06:25 Warning: Warning (512): Controller::paginate() - can't find model Contacts in controller FeedbacksController in [D:\project\xampp\htdocs\ngoinhanho\cake\libs\controller\controller.php, line 1102]
2011-03-12 11:06:25 Warning: Warning (512): Controller::paginate() - can't find model Contacts in controller FeedbacksController in [D:\project\xampp\htdocs\ngoinhanho\cake\libs\controller\controller.php, line 1102]
2011-03-12 11:06:26 Warning: Warning (512): Controller::paginate() - can't find model Contacts in controller FeedbacksController in [D:\project\xampp\htdocs\ngoinhanho\cake\libs\controller\controller.php, line 1102]
2011-03-12 11:06:26 Warning: Warning (512): Controller::paginate() - can't find model Contacts in controller FeedbacksController in [D:\project\xampp\htdocs\ngoinhanho\cake\libs\controller\controller.php, line 1102]
2011-03-12 11:06:26 Warning: Warning (512): Controller::paginate() - can't find model Contacts in controller FeedbacksController in [D:\project\xampp\htdocs\ngoinhanho\cake\libs\controller\controller.php, line 1102]
2011-03-12 11:06:27 Warning: Warning (512): Controller::paginate() - can't find model Contacts in controller FeedbacksController in [D:\project\xampp\htdocs\ngoinhanho\cake\libs\controller\controller.php, line 1102]
2011-03-12 11:06:27 Warning: Warning (512): Controller::paginate() - can't find model Contacts in controller FeedbacksController in [D:\project\xampp\htdocs\ngoinhanho\cake\libs\controller\controller.php, line 1102]
2011-03-12 11:06:27 Warning: Warning (512): Controller::paginate() - can't find model Contacts in controller FeedbacksController in [D:\project\xampp\htdocs\ngoinhanho\cake\libs\controller\controller.php, line 1102]
2011-03-12 11:06:28 Warning: Warning (512): Controller::paginate() - can't find model Contacts in controller FeedbacksController in [D:\project\xampp\htdocs\ngoinhanho\cake\libs\controller\controller.php, line 1102]
2011-03-12 11:06:28 Warning: Warning (512): Controller::paginate() - can't find model Contacts in controller FeedbacksController in [D:\project\xampp\htdocs\ngoinhanho\cake\libs\controller\controller.php, line 1102]
2011-03-12 11:06:29 Warning: Warning (512): Controller::paginate() - can't find model Contacts in controller FeedbacksController in [D:\project\xampp\htdocs\ngoinhanho\cake\libs\controller\controller.php, line 1102]
2011-03-12 11:06:29 Warning: Warning (512): Controller::paginate() - can't find model Contacts in controller FeedbacksController in [D:\project\xampp\htdocs\ngoinhanho\cake\libs\controller\controller.php, line 1102]
2011-03-12 11:06:46 Warning: Warning (512): Controller::paginate() - can't find model Feedbacks in controller FeedbacksController in [D:\project\xampp\htdocs\ngoinhanho\cake\libs\controller\controller.php, line 1102]
2011-03-12 11:06:46 Warning: Warning (512): Controller::paginate() - can't find model Feedbacks in controller FeedbacksController in [D:\project\xampp\htdocs\ngoinhanho\cake\libs\controller\controller.php, line 1102]
2011-03-12 11:06:47 Warning: Warning (512): Controller::paginate() - can't find model Feedbacks in controller FeedbacksController in [D:\project\xampp\htdocs\ngoinhanho\cake\libs\controller\controller.php, line 1102]
2011-03-12 11:06:47 Warning: Warning (512): Controller::paginate() - can't find model Feedbacks in controller FeedbacksController in [D:\project\xampp\htdocs\ngoinhanho\cake\libs\controller\controller.php, line 1102]
2011-03-12 11:06:49 Warning: Warning (512): Controller::paginate() - can't find model Feedbacks in controller FeedbacksController in [D:\project\xampp\htdocs\ngoinhanho\cake\libs\controller\controller.php, line 1102]
2011-03-12 11:06:49 Warning: Warning (512): Controller::paginate() - can't find model Feedbacks in controller FeedbacksController in [D:\project\xampp\htdocs\ngoinhanho\cake\libs\controller\controller.php, line 1102]
2011-03-12 11:07:23 Warning: Warning (512): Controller::paginate() - can't find model Feedbacks in controller FeedbacksController in [D:\project\xampp\htdocs\ngoinhanho\cake\libs\controller\controller.php, line 1102]
2011-03-12 11:07:23 Warning: Warning (512): Controller::paginate() - can't find model Feedbacks in controller FeedbacksController in [D:\project\xampp\htdocs\ngoinhanho\cake\libs\controller\controller.php, line 1102]
2011-03-12 11:07:24 Warning: Warning (512): Controller::paginate() - can't find model Feedbacks in controller FeedbacksController in [D:\project\xampp\htdocs\ngoinhanho\cake\libs\controller\controller.php, line 1102]
2011-03-12 11:07:24 Warning: Warning (512): Controller::paginate() - can't find model Feedbacks in controller FeedbacksController in [D:\project\xampp\htdocs\ngoinhanho\cake\libs\controller\controller.php, line 1102]
2011-03-12 11:07:25 Warning: Warning (512): Controller::paginate() - can't find model Feedbacks in controller FeedbacksController in [D:\project\xampp\htdocs\ngoinhanho\cake\libs\controller\controller.php, line 1102]
2011-03-12 11:07:25 Warning: Warning (512): Controller::paginate() - can't find model Feedbacks in controller FeedbacksController in [D:\project\xampp\htdocs\ngoinhanho\cake\libs\controller\controller.php, line 1102]
2011-03-12 11:07:26 Warning: Warning (512): Controller::paginate() - can't find model Feedbacks in controller FeedbacksController in [D:\project\xampp\htdocs\ngoinhanho\cake\libs\controller\controller.php, line 1102]
2011-03-12 11:07:26 Warning: Warning (512): Controller::paginate() - can't find model Feedbacks in controller FeedbacksController in [D:\project\xampp\htdocs\ngoinhanho\cake\libs\controller\controller.php, line 1102]
2011-03-13 22:02:50 Warning: Warning (512): <span style="color:Red;text-align:left"><b>SQL Error:</b> 1062: Duplicate entry '0' for key 'PRIMARY'</span> in [D:\project\xampp\htdocs\ngoinhanho\cake\libs\model\datasources\dbo_source.php, line 684]
2011-03-13 22:08:33 Warning: Warning (512): <span style="color:Red;text-align:left"><b>SQL Error:</b> 1062: Duplicate entry '0' for key 'PRIMARY'</span> in [D:\project\xampp\htdocs\ngoinhanho\cake\libs\model\datasources\dbo_source.php, line 684]
2011-03-13 22:15:46 Warning: Warning (512): <span style="color:Red;text-align:left"><b>SQL Error:</b> 1062: Duplicate entry '0' for key 'PRIMARY'</span> in [D:\project\xampp\htdocs\ngoinhanho\cake\libs\model\datasources\dbo_source.php, line 684]
2011-03-13 22:16:39 Warning: Warning (512): <span style="color:Red;text-align:left"><b>SQL Error:</b> 1062: Duplicate entry '0' for key 'PRIMARY'</span> in [D:\project\xampp\htdocs\ngoinhanho\cake\libs\model\datasources\dbo_source.php, line 684]
2011-03-13 22:17:32 Warning: Warning (512): <span style="color:Red;text-align:left"><b>SQL Error:</b> 1062: Duplicate entry '0' for key 'PRIMARY'</span> in [D:\project\xampp\htdocs\ngoinhanho\cake\libs\model\datasources\dbo_source.php, line 684]
2011-03-13 22:23:49 Warning: Warning (512): <span style="color:Red;text-align:left"><b>SQL Error:</b> 1062: Duplicate entry '0' for key 'PRIMARY'</span> in [D:\project\xampp\htdocs\ngoinhanho\cake\libs\model\datasources\dbo_source.php, line 684]
2011-03-13 22:25:26 Warning: Warning (512): <span style="color:Red;text-align:left"><b>SQL Error:</b> 1062: Duplicate entry '0' for key 'PRIMARY'</span> in [D:\project\xampp\htdocs\ngoinhanho\cake\libs\model\datasources\dbo_source.php, line 684]
2011-05-08 04:38:44 Warning: Warning (512): <span style="color:Red;text-align:left"><b>SQL Error:</b> 1054: Unknown column 'Products.id' in 'order clause'</span> in [C:\xampp\htdocs\ngoinhanho\cake\libs\model\datasources\dbo_source.php, line 684]
2011-05-08 04:43:42 Warning: Warning (2): Invalid argument supplied for foreach() in [C:\xampp\htdocs\ngoinhanho\admin\views\products\index.ctp, line 39]
2011-05-08 04:53:13 Warning: Warning (2): Invalid argument supplied for foreach() in [C:\xampp\htdocs\ngoinhanho\admin\views\products\index.ctp, line 39]
2011-05-08 04:54:28 Warning: Warning (2): Invalid argument supplied for foreach() in [C:\xampp\htdocs\ngoinhanho\admin\views\products\index.ctp, line 39]
2011-07-13 01:20:00 Warning: Warning (2): unlink(C:\xampp\htdocs\ngoinhanho\admin\tmp\cache\models\cake_model_default_categories) [<a href='http://php.net/function.unlink'>function.unlink</a>]: Permission denied in [C:\xampp\htdocs\ngoinhanho\cake\libs\file.php, line 294]
2011-07-13 01:20:00 Warning: Warning (2): unlink(C:\xampp\htdocs\ngoinhanho\admin\tmp\cache\models\cake_model_default_categories) [<a href='http://php.net/function.unlink'>function.unlink</a>]: Permission denied in [C:\xampp\htdocs\ngoinhanho\cake\libs\file.php, line 294]
2011-07-13 01:20:00 Warning: Warning (2): unlink(C:\xampp\htdocs\ngoinhanho\admin\tmp\cache\models\cake_model_default_news) [<a href='http://php.net/function.unlink'>function.unlink</a>]: Permission denied in [C:\xampp\htdocs\ngoinhanho\cake\libs\file.php, line 294]
2011-07-13 01:20:00 Warning: Warning (2): unlink(C:\xampp\htdocs\ngoinhanho\admin\tmp\cache\models\cake_model_default_partners) [<a href='http://php.net/function.unlink'>function.unlink</a>]: Permission denied in [C:\xampp\htdocs\ngoinhanho\cake\libs\file.php, line 294]
2011-07-13 01:20:00 Warning: Warning (2): unlink(C:\xampp\htdocs\ngoinhanho\admin\tmp\cache\models\cake_model_default_products) [<a href='http://php.net/function.unlink'>function.unlink</a>]: Permission denied in [C:\xampp\htdocs\ngoinhanho\cake\libs\file.php, line 294]
2011-07-13 01:20:00 Warning: Warning (2): unlink(C:\xampp\htdocs\ngoinhanho\admin\tmp\cache\models\cake_model_default_products) [<a href='http://php.net/function.unlink'>function.unlink</a>]: Permission denied in [C:\xampp\htdocs\ngoinhanho\cake\libs\file.php, line 294]
2011-07-13 01:20:00 Warning: Warning (2): unlink(C:\xampp\htdocs\ngoinhanho\admin\tmp\cache\models\cake_model_default_projects) [<a href='http://php.net/function.unlink'>function.unlink</a>]: Permission denied in [C:\xampp\htdocs\ngoinhanho\cake\libs\file.php, line 294]
2011-07-13 01:20:00 Warning: Warning (2): unlink(C:\xampp\htdocs\ngoinhanho\admin\tmp\cache\models\cake_model_default_projects) [<a href='http://php.net/function.unlink'>function.unlink</a>]: Permission denied in [C:\xampp\htdocs\ngoinhanho\cake\libs\file.php, line 294]
2011-07-13 02:51:40 Warning: Warning (2): unlink(C:\xampp\htdocs\ngoinhanho\admin\tmp\cache\models\cake_model_default_giaan_db_list) [<a href='http://php.net/function.unlink'>function.unlink</a>]: Permission denied in [C:\xampp\htdocs\ngoinhanho\cake\libs\file.php, line 294]
2011-07-13 02:51:41 Warning: Warning (2): Cannot modify header information - headers already sent by (output started at C:\xampp\htdocs\ngoinhanho\cake\libs\debugger.php:673) in [C:\xampp\htdocs\ngoinhanho\cake\libs\controller\controller.php, line 742]
2011-07-13 02:53:16 Warning: Warning (512): <span style="color:Red;text-align:left"><b>SQL Error:</b> 1048: Column 'images' cannot be null</span> in [C:\xampp\htdocs\ngoinhanho\cake\libs\model\datasources\dbo_source.php, line 684]
2011-07-13 02:54:12 Warning: Warning (512): <span style="color:Red;text-align:left"><b>SQL Error:</b> 1048: Column 'images' cannot be null</span> in [C:\xampp\htdocs\ngoinhanho\cake\libs\model\datasources\dbo_source.php, line 684]
2012-09-20 10:22:35 Warning: Warning (2): preg_replace() [http://php.net/function.preg-replace]: Delimiter must not be alphanumeric or backslash in [/home/develop/public_html/tienthoi/admin/controllers/products_controller.php, line 78]
2012-09-20 15:04:37 Warning: Warning (512): <span style="color:Red;text-align:left"><b>SQL Error:</b> 1054: Unknown column 'Array' in 'where clause'</span> in [/home/develop/public_html/tienthoi/cake/libs/model/datasources/dbo_source.php, line 684]
2012-09-20 15:05:00 Warning: Warning (512): <span style="color:Red;text-align:left"><b>SQL Error:</b> 1054: Unknown column 'Array' in 'where clause'</span> in [/home/develop/public_html/tienthoi/cake/libs/model/datasources/dbo_source.php, line 684]
2012-09-20 17:16:07 Warning: Warning (512): <span style="color:Red;text-align:left"><b>SQL Error:</b> 1054: Unknown column 'Shop.catygory_code' in 'where clause'</span> in [/home/develop/public_html/tienthoi/cake/libs/model/datasources/dbo_source.php, line 684]
2012-09-20 17:16:07 Warning: Warning (2): Cannot modify header information - headers already sent by (output started at /home/develop/public_html/tienthoi/cake/libs/debugger.php:673) in [/home/develop/public_html/tienthoi/cake/libs/controller/controller.php, line 742]
2012-09-20 17:16:44 Warning: Warning (512): <span style="color:Red;text-align:left"><b>SQL Error:</b> 1054: Unknown column 'Shop.catygory_code' in 'where clause'</span> in [/home/develop/public_html/tienthoi/cake/libs/model/datasources/dbo_source.php, line 684]
2012-09-20 17:16:44 Warning: Warning (2): Cannot modify header information - headers already sent by (output started at /home/develop/public_html/tienthoi/cake/libs/debugger.php:673) in [/home/develop/public_html/tienthoi/cake/libs/controller/controller.php, line 742]
2012-09-20 17:22:46 Warning: Warning (512): <span style="color:Red;text-align:left"><b>SQL Error:</b> 1048: Column 'category_code' cannot be null</span> in [/home/develop/public_html/tienthoi/cake/libs/model/datasources/dbo_source.php, line 684]
2012-09-27 08:23:44 Warning: Warning (2): Invalid argument supplied for foreach() in [/home/develop/public_html/tienthoi/admin/views/products/buy.ctp, line 55]
2012-09-27 09:03:02 Warning: Warning (2): Invalid argument supplied for foreach() in [/home/develop/public_html/tienthoi/admin/views/products/buy.ctp, line 55]
2012-09-27 10:37:26 Warning: Warning (512): Controller::paginate() - can't find model Sale_document in controller ProductsController in [/home/develop/public_html/tienthoi/cake/libs/controller/controller.php, line 1102]
2012-09-27 10:49:48 Warning: Warning (2): Invalid argument supplied for foreach() in [/home/develop/public_html/tienthoi/admin/views/products/view_hoadonban.ctp, line 30]
2012-09-27 10:56:01 Warning: Warning (2): Invalid argument supplied for foreach() in [/home/develop/public_html/tienthoi/admin/views/products/export_xls_ban.ctp, line 37]
2012-09-27 10:58:35 Warning: Warning (2): Invalid argument supplied for foreach() in [/home/develop/public_html/tienthoi/admin/views/products/export_xls_ban.ctp, line 37]
2012-09-27 10:59:22 Warning: Warning (2): Invalid argument supplied for foreach() in [/home/develop/public_html/tienthoi/admin/views/products/export_xls_ban.ctp, line 37]
2012-09-27 13:54:32 Warning: Warning (2): Invalid argument supplied for foreach() in [/home/develop/public_html/tienthoi/admin/views/products/buy.ctp, line 56]
2012-09-27 15:22:00 Warning: Warning (2): Invalid argument supplied for foreach() in [/home/develop/public_html/tienthoi/admin/views/products/buy.ctp, line 56]
2012-09-27 15:23:19 Warning: Warning (2): Invalid argument supplied for foreach() in [/home/develop/public_html/tienthoi/admin/views/products/buy.ctp, line 56]
2012-09-27 15:23:59 Warning: Warning (2): Invalid argument supplied for foreach() in [/home/develop/public_html/tienthoi/admin/views/products/buy.ctp, line 56]
2012-09-28 05:36:50 Warning: Warning (2): Invalid argument supplied for foreach() in [/home/develop/public_html/tienthoi/admin/views/products/ton_xls.ctp, line 54]
2012-09-28 06:25:13 Warning: Warning (2): Invalid argument supplied for foreach() in [/home/develop/public_html/tienthoi/admin/views/shop/add.ctp, line 76]
2012-09-28 06:38:37 Warning: Warning (2): strlen() expects parameter 1 to be string, array given in [/home/develop/public_html/tienthoi/admin/views/shop/edit.ctp, line 87]
2012-09-28 06:39:04 Warning: Warning (2): strlen() expects parameter 1 to be string, array given in [/home/develop/public_html/tienthoi/admin/views/shop/edit.ctp, line 87]
2012-10-03 14:58:48 Warning: Warning (2): mysql_connect() [http://php.net/function.mysql-connect]: Access denied for user 'develop'@'localhost' (using password: YES) in [/home/develop/public_html/tienthoi/cake/libs/model/datasources/dbo/dbo_mysql.php, line 552]
2012-10-03 14:58:48 Warning: Warning (2): mysql_select_db() expects parameter 2 to be resource, boolean given in [/home/develop/public_html/tienthoi/cake/libs/model/datasources/dbo/dbo_mysql.php, line 558]
2012-10-03 14:58:48 Warning: Warning (2): mysql_query() expects parameter 2 to be resource, boolean given in [/home/develop/public_html/tienthoi/cake/libs/model/datasources/dbo/dbo_mysql.php, line 600]
2012-10-03 14:58:48 Warning: Warning (2): mysql_get_server_info() expects parameter 1 to be resource, boolean given in [/home/develop/public_html/tienthoi/cake/libs/model/datasources/dbo/dbo_mysql.php, line 566]
2012-10-03 14:58:48 Warning: Warning (2): Cannot modify header information - headers already sent by (output started at /home/develop/public_html/tienthoi/cake/libs/debugger.php:673) in [/home/develop/public_html/tienthoi/cake/libs/controller/controller.php, line 742]
2012-10-04 08:35:06 Warning: Warning (2): Invalid argument supplied for foreach() in [/home/develop/public_html/tienthoi/admin/views/shop/edit.ctp, line 147]
2012-10-04 12:00:49 Warning: Warning (512): <span style="color:Red;text-align:left"><b>SQL Error:</b> 1054: Unknown column 'StockinventoryMinus_document.branch_code' in 'where clause'</span> in [/home/develop/public_html/tienthoi/cake/libs/model/datasources/dbo_source.php, line 684]
2012-10-04 12:00:49 Warning: Warning (2): Invalid argument supplied for foreach() in [/home/develop/public_html/tienthoi/admin/controllers/products_controller.php, line 387]
2012-10-04 13:58:03 Warning: Warning (2): Invalid argument supplied for foreach() in [/home/develop/public_html/tienthoi/admin/views/products/search_kho.ctp, line 55]
2012-10-04 13:58:35 Warning: Warning (2): Invalid argument supplied for foreach() in [/home/develop/public_html/tienthoi/admin/views/products/search_kho.ctp, line 55]
2012-10-04 13:59:28 Warning: Warning (2): Invalid argument supplied for foreach() in [/home/develop/public_html/tienthoi/admin/views/products/search_kho.ctp, line 55]
2012-10-04 13:59:31 Warning: Warning (2): Invalid argument supplied for foreach() in [/home/develop/public_html/tienthoi/admin/views/products/search_kho.ctp, line 55]
2012-10-04 13:59:44 Warning: Warning (2): Invalid argument supplied for foreach() in [/home/develop/public_html/tienthoi/admin/views/products/search_kho.ctp, line 55]
2012-11-03 09:15:23 Warning: Warning (2): Creating default object from empty value in [C:\wamp\www\tienthoi\admin\controllers\products_controller.php, line 446]
2012-11-03 09:45:14 Warning: Warning (2): Creating default object from empty value in [C:\wamp\www\tienthoi\admin\controllers\orders_controller.php, line 118]
2012-11-03 09:45:27 Warning: Warning (2): Creating default object from empty value in [C:\wamp\www\tienthoi\admin\controllers\orders_controller.php, line 107]
2013-03-22 02:57:15 Warning: Warning (2): Division by zero in [C:\wamp\www\hoanggroup\admin\controllers\products_controller.php, line 842]
